2024-12-03 16:05:28,837 [INFO] Activator:177 - 


2024-12-03 16:05:28,842 [INFO] Activator:178 - !SESSION log4j initialized
2024-12-03 16:06:00,976 [ERROR] LogOutputStream:74 - [STDERR_REDIRECT] SLF4J: Failed to load class "org.slf4j.impl.StaticLoggerBinder".
2024-12-03 16:06:00,977 [ERROR] LogOutputStream:74 - [STDERR_REDIRECT] SLF4J: Defaulting to no-operation (NOP) logger implementation
2024-12-03 16:06:00,980 [ERROR] LogOutputStream:74 - [STDERR_REDIRECT] SLF4J: See http://www.slf4j.org/codes.html#StaticLoggerBinder for further details.
2024-12-03 16:06:35,914 [ERROR] ApiDbMcu:1619 - Can't use Application install path:
2024-12-03 16:06:38,344 [WARN] RulesReader:63 - Compatibility file://mcu/compatibility.xml not found
2024-12-03 16:11:33,368 [INFO] Activator:177 - 


2024-12-03 16:11:33,370 [INFO] Activator:178 - !SESSION log4j initialized
2024-12-03 16:11:34,310 [ERROR] ApiDbMcu:1619 - Can't use Application install path:
2024-12-03 16:11:36,657 [WARN] RulesReader:63 - Compatibility file://mcu/compatibility.xml not found
2024-12-03 16:11:47,457 [INFO] McuFinderGlobals:44 - Set McuFinder mode to 2 (CubeIDE integrated)
2024-12-03 16:11:47,661 [INFO] ApplicationProperties:181 - Using Application install path: D:\BKRA\KEIL C test\STM32CubeIDE_1.10.1\STM32CubeIDE\plugins\com.st.stm32cube.common.mx_6.6.1.202207061420
2024-12-03 16:11:47,675 [INFO] DbMcusXml:77 - Set database path to: D:\BKRA\KEIL C test\STM32CubeIDE_1.10.1\STM32CubeIDE\plugins\com.st.stm32cube.common.mx_6.6.1.202207061420\\db\/mcu/
2024-12-03 16:11:47,676 [INFO] ApiDb:269 - Set plugin database path to: D:\BKRA\KEIL C test\STM32CubeIDE_1.10.1\STM32CubeIDE\plugins\com.st.stm32cube.common.mx_6.6.1.202207061420\\db\/plugins/boardmanager/
2024-12-03 16:11:47,679 [WARN] ApiDb:254 - Overriding images path with different value:  => D:\BKRA\KEIL C test\STM32CubeIDE_1.10.1\STM32CubeIDE\plugins\com.st.stm32cube.common.mx_6.6.1.202207061420\\db\/plugins/mcufinder/images/
2024-12-03 16:11:47,700 [INFO] ApiDb:249 - Set database path to: C:\Users\User\.stmcufinder\plugins\mcufinder//mcu/
2024-12-03 16:11:47,703 [INFO] DbMcusAds:124 - Set database path to: C:\Users\User\.stmcufinder\plugins\mcufinder//mcu/
2024-12-03 16:11:47,708 [INFO] CrossReferenceDbSqlite:201 - Set database path to: C:\Users\User\.stmcufinder\plugins\mcufinder//mcu/cs/
2024-12-03 16:11:47,831 [INFO] DbMcusXml:77 - Set database path to: D:\BKRA\KEIL C test\STM32CubeIDE_1.10.1\STM32CubeIDE\plugins\com.st.stm32cube.common.mx_6.6.1.202207061420\\db\/mcu/
2024-12-03 16:11:47,832 [INFO] ApiDb:269 - Set plugin database path to: D:\BKRA\KEIL C test\STM32CubeIDE_1.10.1\STM32CubeIDE\plugins\com.st.stm32cube.common.mx_6.6.1.202207061420\\db\/plugins/boardmanager/
2024-12-03 16:11:47,832 [INFO] ApiDb:256 - Set plugin images path to: D:\BKRA\KEIL C test\STM32CubeIDE_1.10.1\STM32CubeIDE\plugins\com.st.stm32cube.common.mx_6.6.1.202207061420\\db\/plugins/mcufinder/images/
2024-12-03 16:11:47,833 [WARN] DbFile:40 - Overriding database path with different value: C:\Users\User\.stmcufinder\plugins\mcufinder/ => C:\Users\User\.stmcufinder\plugins\mcufinder
2024-12-03 16:11:47,833 [INFO] ApiDb:249 - Set database path to: C:\Users\User\.stmcufinder\plugins\mcufinder//mcu/
2024-12-03 16:11:47,833 [WARN] DbFile:40 - Overriding database path with different value: C:\Users\User\.stmcufinder\plugins\mcufinder/ => C:\Users\User\.stmcufinder\plugins\mcufinder
2024-12-03 16:11:47,835 [INFO] DbMcusAds:124 - Set database path to: C:\Users\User\.stmcufinder\plugins\mcufinder//mcu/
2024-12-03 16:11:47,836 [WARN] DbFile:40 - Overriding database path with different value: C:\Users\User\.stmcufinder\plugins\mcufinder/ => C:\Users\User\.stmcufinder\plugins\mcufinder
2024-12-03 16:11:47,836 [WARN] DbFile:40 - Overriding database path with different value: C:\Users\User\.stmcufinder\plugins\mcufinder/ => C:\Users\User\.stmcufinder\plugins\mcufinder
2024-12-03 16:11:47,836 [INFO] CrossReferenceDbSqlite:201 - Set database path to: C:\Users\User\.stmcufinder\plugins\mcufinder//mcu/cs/
2024-12-03 16:11:47,950 [INFO] MainPanel:242 - HeapMemory: 268435456
2024-12-03 16:11:48,073 [INFO] DbMcusXml:77 - Set database path to: D:\BKRA\KEIL C test\STM32CubeIDE_1.10.1\STM32CubeIDE\plugins\com.st.stm32cube.common.mx_6.6.1.202207061420\\db\/mcu/
2024-12-03 16:11:48,074 [INFO] ApiDb:269 - Set plugin database path to: D:\BKRA\KEIL C test\STM32CubeIDE_1.10.1\STM32CubeIDE\plugins\com.st.stm32cube.common.mx_6.6.1.202207061420\\db\/plugins/boardmanager/
2024-12-03 16:11:48,074 [INFO] ApiDb:256 - Set plugin images path to: D:\BKRA\KEIL C test\STM32CubeIDE_1.10.1\STM32CubeIDE\plugins\com.st.stm32cube.common.mx_6.6.1.202207061420\\db\/plugins/mcufinder/images/
2024-12-03 16:11:48,075 [WARN] DbFile:40 - Overriding database path with different value: C:\Users\User\.stmcufinder\plugins\mcufinder/ => C:\Users\User\.stmcufinder\plugins\mcufinder
2024-12-03 16:11:48,075 [INFO] ApiDb:249 - Set database path to: C:\Users\User\.stmcufinder\plugins\mcufinder//mcu/
2024-12-03 16:11:48,075 [WARN] DbFile:40 - Overriding database path with different value: C:\Users\User\.stmcufinder\plugins\mcufinder/ => C:\Users\User\.stmcufinder\plugins\mcufinder
2024-12-03 16:11:48,075 [INFO] DbMcusAds:124 - Set database path to: C:\Users\User\.stmcufinder\plugins\mcufinder//mcu/
2024-12-03 16:11:48,075 [WARN] DbFile:40 - Overriding database path with different value: C:\Users\User\.stmcufinder\plugins\mcufinder/ => C:\Users\User\.stmcufinder\plugins\mcufinder
2024-12-03 16:11:48,076 [WARN] DbFile:40 - Overriding database path with different value: C:\Users\User\.stmcufinder\plugins\mcufinder/ => C:\Users\User\.stmcufinder\plugins\mcufinder
2024-12-03 16:11:48,076 [INFO] CrossReferenceDbSqlite:201 - Set database path to: C:\Users\User\.stmcufinder\plugins\mcufinder//mcu/cs/
2024-12-03 16:11:48,101 [INFO] ApplicationProperties:181 - Using Application install path: D:\BKRA\KEIL C test\STM32CubeIDE_1.10.1\STM32CubeIDE\plugins\com.st.stm32cube.common.mx_6.6.1.202207061420
2024-12-03 16:11:48,103 [INFO] PluginManage:193 - Search for loadable plugins [exclusion list=, ]
2024-12-03 16:11:48,106 [INFO] PluginManage:307 - Check plugin analytics
2024-12-03 16:11:48,369 [INFO] AnalyticsPlugin:262 - Accepted Software Licenses: STM32CubeMX.6.12.0
2024-12-03 16:11:48,370 [INFO] AnalyticsPlugin:264 - Accepted CMSIS Pack Licenses: 
2024-12-03 16:11:48,372 [INFO] AnalyticsPlugin:266 - Accepted Firmware Licenses: FW.F4.1.28.0
2024-12-03 16:11:48,388 [INFO] PluginManage:356 - Loaded plugin analytics (category:tool,tabindex:-1)
2024-12-03 16:11:48,388 [INFO] PluginManage:307 - Check plugin cadmodel
2024-12-03 16:11:48,396 [INFO] CADModel:65 - Init CAD model plugin
2024-12-03 16:11:48,397 [INFO] PluginManage:356 - Loaded plugin cadmodel (category:power,tabindex:5)
2024-12-03 16:11:48,397 [INFO] PluginManage:307 - Check plugin clock
2024-12-03 16:11:48,414 [INFO] PluginManage:356 - Loaded plugin clock (category:base,tabindex:2)
2024-12-03 16:11:48,415 [INFO] PluginManage:307 - Check plugin ddr
2024-12-03 16:11:48,419 [INFO] PluginManage:356 - Loaded plugin ddr (category:tool,tabindex:6)
2024-12-03 16:11:48,420 [INFO] PluginManage:307 - Check plugin filemanager
2024-12-03 16:11:48,664 [INFO] PluginManage:356 - Loaded plugin filemanager (category:base,tabindex:10)
2024-12-03 16:11:48,665 [INFO] PluginManage:307 - Check plugin ipmanager
2024-12-03 16:11:48,678 [INFO] PluginManage:356 - Loaded plugin ipmanager (category:base,tabindex:5)
2024-12-03 16:11:48,679 [INFO] PluginManage:307 - Check plugin lpbam
2024-12-03 16:11:48,695 [INFO] PluginManage:356 - Loaded plugin lpbam (category:base,tabindex:0)
2024-12-03 16:11:48,695 [INFO] PluginManage:307 - Check plugin pinoutandconfiguration
2024-12-03 16:11:48,709 [INFO] PluginManage:356 - Loaded plugin pinoutandconfiguration (category:base,tabindex:1)
2024-12-03 16:11:48,709 [INFO] PluginManage:307 - Check plugin pinoutconfig
2024-12-03 16:11:48,758 [INFO] PluginManage:356 - Loaded plugin pinoutconfig (category:base,tabindex:0)
2024-12-03 16:11:48,758 [INFO] PluginManage:307 - Check plugin power
2024-12-03 16:11:48,778 [INFO] PluginManage:356 - Loaded plugin power (category:power,tabindex:4)
2024-12-03 16:11:48,779 [INFO] PluginManage:307 - Check plugin projectmanager
2024-12-03 16:11:48,811 [INFO] PluginManage:356 - Loaded plugin projectmanager (category:projectmanager,tabindex:3)
2024-12-03 16:11:48,811 [INFO] PluginManage:307 - Check plugin thirdparty
2024-12-03 16:11:49,034 [INFO] PluginManage:356 - Loaded plugin thirdparty (category:base,tabindex:-1)
2024-12-03 16:11:49,035 [INFO] PluginManage:307 - Check plugin tools
2024-12-03 16:11:49,040 [INFO] PluginManage:356 - Loaded plugin tools (category:base,tabindex:7)
2024-12-03 16:11:49,041 [INFO] PluginManage:307 - Check plugin tutovideos
2024-12-03 16:11:49,046 [WARN] IntegrityCheckThread:82 - waiting for thirdparty lock release [integrity check]
2024-12-03 16:11:49,047 [INFO] IntegrityCheckThread:84 - entering critical section [integrity check]
2024-12-03 16:11:49,051 [INFO] ThirdPartyUpdaterWithRetryManager:70 - Updater plugin not ready yet. [1/15]
2024-12-03 16:11:49,309 [INFO] PluginManage:356 - Loaded plugin tutovideos (category:base,tabindex:-1)
2024-12-03 16:11:49,310 [INFO] PluginManage:307 - Check plugin updater
2024-12-03 16:11:49,332 [INFO] PluginManage:356 - Loaded plugin updater (category:base,tabindex:12)
2024-12-03 16:11:49,333 [INFO] PluginManage:280 - PluginManage : Loaded plugins [15]
2024-12-03 16:11:49,724 [INFO] PinOutPanel:1468 - setPackage(No Configuration,No Configuration)
2024-12-03 16:11:49,827 [INFO] CADModel:98 - CPN selected for project level
2024-12-03 16:11:49,857 [INFO] IPUIPlugin:79 - create IPUIPlugin
2024-12-03 16:11:49,858 [INFO] PluginManager:217 - loadIPPluginJar : add adc
2024-12-03 16:11:49,863 [INFO] IPUIPlugin:79 - create IPUIPlugin
2024-12-03 16:11:49,864 [INFO] PluginManager:217 - loadIPPluginJar : add aes
2024-12-03 16:11:49,869 [INFO] IPUIPlugin:79 - create IPUIPlugin
2024-12-03 16:11:49,870 [INFO] PluginManager:217 - loadIPPluginJar : add can
2024-12-03 16:11:49,873 [INFO] IPUIPlugin:79 - create IPUIPlugin
2024-12-03 16:11:49,873 [INFO] PluginManager:217 - loadIPPluginJar : add comp
2024-12-03 16:11:49,877 [INFO] IPUIPlugin:79 - create IPUIPlugin
2024-12-03 16:11:49,878 [INFO] PluginManager:217 - loadIPPluginJar : add cryp
2024-12-03 16:11:49,882 [INFO] IPUIPlugin:79 - create IPUIPlugin
2024-12-03 16:11:49,883 [INFO] PluginManager:217 - loadIPPluginJar : add dfsdm
2024-12-03 16:11:49,893 [INFO] IPUIPlugin:79 - create IPUIPlugin
2024-12-03 16:11:49,895 [INFO] PluginManager:217 - loadIPPluginJar : add dma
2024-12-03 16:11:49,900 [INFO] IPUIPlugin:79 - create IPUIPlugin
2024-12-03 16:11:49,900 [INFO] PluginManager:217 - loadIPPluginJar : add dma3
2024-12-03 16:11:49,902 [INFO] IPUIPlugin:79 - create IPUIPlugin
2024-12-03 16:11:49,903 [INFO] PluginManager:217 - loadIPPluginJar : add fatfs
2024-12-03 16:11:49,909 [INFO] IPUIPlugin:79 - create IPUIPlugin
2024-12-03 16:11:49,910 [INFO] PluginManager:217 - loadIPPluginJar : add fmc
2024-12-03 16:11:49,921 [INFO] IPUIPlugin:79 - create IPUIPlugin
2024-12-03 16:11:49,921 [INFO] PluginManager:217 - loadIPPluginJar : add freertos
2024-12-03 16:11:49,923 [INFO] IPUIPlugin:79 - create IPUIPlugin
2024-12-03 16:11:49,923 [INFO] PluginManager:217 - loadIPPluginJar : add genericplugin
2024-12-03 16:11:49,927 [INFO] IPUIPlugin:79 - create IPUIPlugin
2024-12-03 16:11:49,927 [INFO] PluginManager:217 - loadIPPluginJar : add gfxmmu
2024-12-03 16:11:49,935 [INFO] IPUIPlugin:79 - create IPUIPlugin
2024-12-03 16:11:49,936 [INFO] PluginManager:217 - loadIPPluginJar : add gic
2024-12-03 16:11:49,943 [INFO] IPUIPlugin:79 - create IPUIPlugin
2024-12-03 16:11:49,944 [INFO] PluginManager:217 - loadIPPluginJar : add gpio
2024-12-03 16:11:49,948 [INFO] IPUIPlugin:79 - create IPUIPlugin
2024-12-03 16:11:49,948 [INFO] PluginManager:217 - loadIPPluginJar : add gtzc
2024-12-03 16:11:49,952 [INFO] IPUIPlugin:79 - create IPUIPlugin
2024-12-03 16:11:49,952 [INFO] PluginManager:217 - loadIPPluginJar : add hash
2024-12-03 16:11:49,956 [INFO] IPUIPlugin:79 - create IPUIPlugin
2024-12-03 16:11:49,957 [INFO] PluginManager:217 - loadIPPluginJar : add i2c
2024-12-03 16:11:49,961 [INFO] IPUIPlugin:79 - create IPUIPlugin
2024-12-03 16:11:49,962 [INFO] PluginManager:217 - loadIPPluginJar : add i2s
2024-12-03 16:11:49,967 [INFO] IPUIPlugin:79 - create IPUIPlugin
2024-12-03 16:11:49,967 [INFO] PluginManager:217 - loadIPPluginJar : add ipddr
2024-12-03 16:11:49,980 [INFO] IPUIPlugin:79 - create IPUIPlugin
2024-12-03 16:11:49,980 [INFO] PluginManager:217 - loadIPPluginJar : add linkedlist
2024-12-03 16:11:49,985 [INFO] IPUIPlugin:79 - create IPUIPlugin
2024-12-03 16:11:49,986 [INFO] PluginManager:217 - loadIPPluginJar : add lorawan
2024-12-03 16:11:49,990 [INFO] IPUIPlugin:79 - create IPUIPlugin
2024-12-03 16:11:49,990 [INFO] PluginManager:217 - loadIPPluginJar : add ltdc
2024-12-03 16:11:49,999 [INFO] IPUIPlugin:79 - create IPUIPlugin
2024-12-03 16:11:50,000 [INFO] PluginManager:217 - loadIPPluginJar : add mdma
2024-12-03 16:11:50,006 [INFO] IPUIPlugin:79 - create IPUIPlugin
2024-12-03 16:11:50,007 [INFO] PluginManager:217 - loadIPPluginJar : add nvic
2024-12-03 16:11:50,012 [INFO] IPUIPlugin:79 - create IPUIPlugin
2024-12-03 16:11:50,014 [INFO] PluginManager:217 - loadIPPluginJar : add opamp
2024-12-03 16:11:50,019 [INFO] IPUIPlugin:79 - create IPUIPlugin
2024-12-03 16:11:50,019 [INFO] PluginManager:217 - loadIPPluginJar : add openamp
2024-12-03 16:11:50,026 [INFO] IPUIPlugin:79 - create IPUIPlugin
2024-12-03 16:11:50,026 [INFO] PluginManager:217 - loadIPPluginJar : add pdm2pcm
2024-12-03 16:11:50,038 [INFO] IPUIPlugin:79 - create IPUIPlugin
2024-12-03 16:11:50,044 [INFO] PluginManager:217 - loadIPPluginJar : add plateformsettings
2024-12-03 16:11:50,046 [INFO] IPUIPlugin:79 - create IPUIPlugin
2024-12-03 16:11:50,047 [INFO] PluginManager:217 - loadIPPluginJar : add quadspi
2024-12-03 16:11:50,055 [INFO] IPUIPlugin:79 - create IPUIPlugin
2024-12-03 16:11:50,055 [INFO] PluginManager:217 - loadIPPluginJar : add resmgrutility
2024-12-03 16:11:50,061 [INFO] IPUIPlugin:79 - create IPUIPlugin
2024-12-03 16:11:50,061 [INFO] PluginManager:217 - loadIPPluginJar : add sai
2024-12-03 16:11:50,065 [INFO] IPUIPlugin:79 - create IPUIPlugin
2024-12-03 16:11:50,066 [INFO] PluginManager:217 - loadIPPluginJar : add spi
2024-12-03 16:11:50,071 [INFO] IPUIPlugin:79 - create IPUIPlugin
2024-12-03 16:11:50,071 [INFO] PluginManager:217 - loadIPPluginJar : add stm32_wpan
2024-12-03 16:11:50,074 [INFO] IPUIPlugin:79 - create IPUIPlugin
2024-12-03 16:11:50,074 [INFO] PluginManager:217 - loadIPPluginJar : add tim
2024-12-03 16:11:50,079 [INFO] IPUIPlugin:79 - create IPUIPlugin
2024-12-03 16:11:50,079 [INFO] PluginManager:217 - loadIPPluginJar : add touchsensing
2024-12-03 16:11:50,083 [INFO] IPUIPlugin:79 - create IPUIPlugin
2024-12-03 16:11:50,083 [INFO] PluginManager:217 - loadIPPluginJar : add tracer_emb
2024-12-03 16:11:50,086 [INFO] IPUIPlugin:79 - create IPUIPlugin
2024-12-03 16:11:50,087 [INFO] PluginManager:217 - loadIPPluginJar : add ts
2024-12-03 16:11:50,090 [INFO] IPUIPlugin:79 - create IPUIPlugin
2024-12-03 16:11:50,090 [INFO] PluginManager:217 - loadIPPluginJar : add tsc
2024-12-03 16:11:50,094 [INFO] IPUIPlugin:79 - create IPUIPlugin
2024-12-03 16:11:50,094 [INFO] PluginManager:217 - loadIPPluginJar : add ucpd
2024-12-03 16:11:50,098 [INFO] IPUIPlugin:79 - create IPUIPlugin
2024-12-03 16:11:50,098 [INFO] PluginManager:217 - loadIPPluginJar : add usart
2024-12-03 16:11:50,104 [INFO] IPUIPlugin:79 - create IPUIPlugin
2024-12-03 16:11:50,104 [INFO] PluginManager:217 - loadIPPluginJar : add usbx
2024-12-03 16:11:50,461 [FATAL] Updater:301 - Updater called before beeing initialized
2024-12-03 16:11:50,641 [FATAL] Updater:301 - Updater called before beeing initialized
2024-12-03 16:11:50,656 [INFO] DbMcusAds:52 - JSON generation date=Fri Sep 20 20:04:23 ICT 2024 (1726837463113)
2024-12-03 16:11:50,656 [FATAL] Updater:301 - Updater called before beeing initialized
2024-12-03 16:11:50,727 [WARN] DetailPanel:344 - Failed to get advertising image, set to default
2024-12-03 16:11:50,933 [FATAL] Updater:301 - Updater called before beeing initialized
2024-12-03 16:11:50,938 [FATAL] Updater:301 - Updater called before beeing initialized
2024-12-03 16:11:50,938 [FATAL] Updater:301 - Updater called before beeing initialized
2024-12-03 16:11:50,938 [WARN] DetailPanel:344 - Failed to get advertising image, set to default
2024-12-03 16:11:50,940 [FATAL] Updater:301 - Updater called before beeing initialized
2024-12-03 16:11:51,008 [ERROR] Updater:1105 - MainUpdater not yet initialized. External WinMGr cannot be set.
2024-12-03 16:11:51,012 [INFO] Updater:1041 - Updater Version found : 6.6.1
2024-12-03 16:11:51,033 [INFO] ApplicationProperties:181 - Using Application install path: D:\BKRA\KEIL C test\STM32CubeIDE_1.10.1\STM32CubeIDE\plugins\com.st.stm32cube.common.mx_6.6.1.202207061420
2024-12-03 16:11:51,121 [INFO] MainUpdater:516 - Copy updater definitions from MX database
2024-12-03 16:11:51,377 [INFO] MainUpdater:2768 - connection check result : 10
2024-12-03 16:11:51,378 [INFO] MainUpdater:3453 - Updater definition file requires update
2024-12-03 16:11:51,380 [INFO] MainUpdater:280 - Updater Check For Update Now.
2024-12-03 16:11:51,380 [INFO] MicroXplorer:481 - Change Database Version : DB.6.0.60
2024-12-03 16:11:51,433 [INFO] ServerAccessManage:474 - Download File updaters.zip
2024-12-03 16:11:51,545 [INFO] FileExtend:239 - Unzip File : updaters.zip
2024-12-03 16:11:51,546 [INFO] FileExtend:254 - Standard Zip Deflate
2024-12-03 16:11:52,065 [WARN] MainUpdater:1184 - Updater busy. Cannot search thirdparties
2024-12-03 16:11:52,065 [INFO] ThirdPartyUpdaterWithRetryManager:96 - Updater plugin is busy. [1/15]
2024-12-03 16:11:52,203 [INFO] ServerAccessManage:474 - Download File PacksControlFlags.xml
2024-12-03 16:11:52,331 [INFO] ServerAccessManage:474 - Download File cubemx.pidx
2024-12-03 16:11:52,615 [INFO] LoadServerUpdatesThread:367 - End of LoadServerUpdate Thread
2024-12-03 16:11:52,881 [INFO] CheckServerUpdateThread:119 - End of CheckServer Thread
2024-12-03 16:11:53,214 [INFO] MainUpdater:2768 - connection check result : 10
2024-12-03 16:11:53,227 [INFO] McuFinderGlobals:57 - Set McuFinderConnectedMode to true
2024-12-03 16:11:53,747 [INFO] ServerAccessManage:474 - Download File mcusAds.json._tmp_
2024-12-03 16:11:53,879 [INFO] LoadUrlFilesThread:150 - End of LoadUrlFiles Thread
2024-12-03 16:11:54,008 [INFO] ServerAccessManage:474 - Download File cube-finder-db.zip
2024-12-03 16:11:55,077 [WARN] MainUpdater:1184 - Updater busy. Cannot search thirdparties
2024-12-03 16:11:55,077 [INFO] ThirdPartyUpdaterWithRetryManager:96 - Updater plugin is busy. [2/15]
2024-12-03 16:11:58,088 [WARN] MainUpdater:1184 - Updater busy. Cannot search thirdparties
2024-12-03 16:11:58,088 [INFO] ThirdPartyUpdaterWithRetryManager:96 - Updater plugin is busy. [3/15]
2024-12-03 16:12:00,991 [INFO] FileExtend:239 - Unzip File : cube-finder-db.zip
2024-12-03 16:12:00,992 [INFO] FileExtend:254 - Standard Zip Deflate
2024-12-03 16:12:01,100 [WARN] MainUpdater:1184 - Updater busy. Cannot search thirdparties
2024-12-03 16:12:01,100 [INFO] ThirdPartyUpdaterWithRetryManager:96 - Updater plugin is busy. [4/15]
2024-12-03 16:12:02,318 [INFO] LoadUrlFilesThread:150 - End of LoadUrlFiles Thread
2024-12-03 16:12:03,417 [INFO] ServerAccessManage:474 - Download File crdb.zip
2024-12-03 16:12:04,101 [WARN] MainUpdater:1184 - Updater busy. Cannot search thirdparties
2024-12-03 16:12:04,101 [INFO] ThirdPartyUpdaterWithRetryManager:96 - Updater plugin is busy. [5/15]
2024-12-03 16:12:04,893 [INFO] FileExtend:239 - Unzip File : crdb.zip
2024-12-03 16:12:04,894 [INFO] FileExtend:254 - Standard Zip Deflate
2024-12-03 16:12:05,058 [ERROR] WebUtils:644 - Updater is busy
2024-12-03 16:12:05,062 [INFO] LoadUrlFilesThread:150 - End of LoadUrlFiles Thread
2024-12-03 16:12:05,399 [ERROR] LogOutputStream:74 - [STDERR_REDIRECT] SLF4J: Failed to load class "org.slf4j.impl.StaticLoggerBinder".
2024-12-03 16:12:05,401 [ERROR] LogOutputStream:74 - [STDERR_REDIRECT] SLF4J: Defaulting to no-operation (NOP) logger implementation
2024-12-03 16:12:05,405 [ERROR] LogOutputStream:74 - [STDERR_REDIRECT] SLF4J: See http://www.slf4j.org/codes.html#StaticLoggerBinder for further details.
2024-12-03 16:12:07,876 [WARN] PackLoader:242 - Cannot read IP mode file for STMicroelectronics.FP-SNS-MOTENVWB1.1.4.0
2024-12-03 16:12:07,893 [WARN] PackLoader:242 - Cannot read IP mode file for STMicroelectronics.FP-ATR-ASTRA1.2.0.1
2024-12-03 16:12:07,920 [WARN] PackLoader:242 - Cannot read IP mode file for STMicroelectronics.X-CUBE-SMBUS.2.1.0
2024-12-03 16:12:07,936 [WARN] PackLoader:242 - Cannot read IP mode file for STMicroelectronics.X-CUBE-WB05N.1.1.0
2024-12-03 16:12:07,945 [WARN] PackLoader:242 - Cannot read IP mode file for STMicroelectronics.X-CUBE-TOUCHGFX.4.23.2
2024-12-03 16:12:07,996 [WARN] PackLoader:242 - Cannot read IP mode file for STMicroelectronics.X-CUBE-AZRTOS-F7.1.1.0
2024-12-03 16:12:08,147 [WARN] PackLoader:242 - Cannot read IP mode file for STMicroelectronics.X-CUBE-MEMS1.11.0.0
2024-12-03 16:12:08,448 [WARN] PackLoader:242 - Cannot read IP mode file for STMicroelectronics.FP-SNS-FLIGHT1.5.0.2
2024-12-03 16:12:08,461 [WARN] PackLoader:242 - Cannot read IP mode file for STMicroelectronics.X-CUBE-DISPLAY.3.0.0
2024-12-03 16:12:08,479 [WARN] PackLoader:242 - Cannot read IP mode file for STMicroelectronics.X-CUBE-BLE1.7.0.0
2024-12-03 16:12:08,489 [WARN] PackLoader:242 - Cannot read IP mode file for STMicroelectronics.X-CUBE-NFC10.1.0.0
2024-12-03 16:12:08,505 [WARN] PackLoader:242 - Cannot read IP mode file for emotas.I-CUBE-CANOPEN.1.3.0
2024-12-03 16:12:08,526 [WARN] PackLoader:242 - Cannot read IP mode file for STMicroelectronics.X-CUBE-BLEMGR.3.1.0
2024-12-03 16:12:08,541 [WARN] PackLoader:242 - Cannot read IP mode file for STMicroelectronics.FP-SNS-SMARTAG2.1.2.0
2024-12-03 16:12:08,559 [INFO] LogOutputStream:76 - [STDOUT_REDIRECT] 1 : Invalid condition id : UX_CORESTACK_Condition cause : null
2024-12-03 16:12:08,560 [INFO] LogOutputStream:76 - [STDOUT_REDIRECT] 1 : Invalid condition id : UX_CORESTACK_Condition cause : null
2024-12-03 16:12:08,562 [INFO] LogOutputStream:76 - [STDOUT_REDIRECT] 1 : Invalid condition id : UX_CORESTACK_Condition cause : null
2024-12-03 16:12:08,564 [INFO] LogOutputStream:76 - [STDOUT_REDIRECT] 1 : Invalid condition id : UX_CORESTACK_Condition cause : null
2024-12-03 16:12:08,566 [INFO] LogOutputStream:76 - [STDOUT_REDIRECT] 1 : Invalid condition id : UX_CORESTACK_Condition cause : null
2024-12-03 16:12:08,578 [WARN] PackLoader:242 - Cannot read IP mode file for STMicroelectronics.X-CUBE-AZRTOS-WL.2.0.0
2024-12-03 16:12:08,588 [WARN] PackLoader:242 - Cannot read IP mode file for STMicroelectronics.FP-SNS-MOTENV1.5.0.0
2024-12-03 16:12:08,597 [WARN] PackLoader:242 - Cannot read IP mode file for wolfSSL.I-CUBE-wolfMQTT.1.19.0
2024-12-03 16:12:08,614 [WARN] PackLoader:242 - Cannot read IP mode file for WES.I-CUBE-Cesium.1.3.0
2024-12-03 16:12:08,623 [WARN] PackLoader:242 - Cannot read IP mode file for STMicroelectronics.X-CUBE-BLE2.3.3.0
2024-12-03 16:12:08,637 [WARN] PackLoader:242 - Cannot read IP mode file for STMicroelectronics.X-CUBE-NFC9.1.0.0
2024-12-03 16:12:08,650 [WARN] PackLoader:242 - Cannot read IP mode file for STMicroelectronics.X-CUBE-TCPP.4.1.0
2024-12-03 16:12:08,664 [WARN] PackLoader:242 - Cannot read IP mode file for STMicroelectronics.X-CUBE-ALGOBUILD.1.3.0
2024-12-03 16:12:08,697 [WARN] PackLoader:242 - Cannot read IP mode file for STMicroelectronics.X-CUBE-AZRTOS-G0.1.1.0
2024-12-03 16:12:08,714 [WARN] PackLoader:242 - Cannot read IP mode file for STMicroelectronics.X-CUBE-SAFEA1.1.2.2
2024-12-03 16:12:08,724 [WARN] PackLoader:242 - Cannot read IP mode file for STMicroelectronics.X-CUBE-NFC4.3.0.0
2024-12-03 16:12:08,730 [WARN] PackLoader:242 - Cannot read IP mode file for wolfSSL.I-CUBE-wolfMQTT.1.18.0
2024-12-03 16:12:08,737 [ERROR] Engine:467 - C:\Users\User\.stm32cubemx\thirdparties\pdsc\EmbeddedOffice.I-CUBE-FS-RTOS.1.0.1.pdsc: PDSC version is not supported
2024-12-03 16:12:08,740 [ERROR] Engine:467 - C:\Users\User\.stm32cubemx\thirdparties\pdsc\RealThread.X-CUBE-RT-Thread_Nano.4.1.1.pdsc: PDSC version is not supported
2024-12-03 16:12:08,746 [WARN] PackLoader:242 - Cannot read IP mode file for wolfSSL.I-CUBE-wolfSSL.5.7.0
2024-12-03 16:12:08,754 [WARN] PackLoader:242 - Cannot read IP mode file for STMicroelectronics.FP-ATR-SIGFOX1.3.2.0
2024-12-03 16:12:08,758 [ERROR] Engine:467 - C:\Users\User\.stm32cubemx\thirdparties\pdsc\quantropi.X-CUBE-qispace-sdk-base.1.9.3.pdsc: PDSC version is not supported
2024-12-03 16:12:08,771 [WARN] PackLoader:242 - Cannot read IP mode file for STMicroelectronics.X-CUBE-EEPRMA1.5.1.0
2024-12-03 16:12:08,785 [WARN] PackLoader:242 - Cannot read IP mode file for ITTIA_DB.I-CUBE-ITTIADB.8.9.0
2024-12-03 16:12:08,893 [WARN] PackLoader:242 - Cannot read IP mode file for SEGGER.I-CUBE-embOS.1.3.1
2024-12-03 16:12:09,056 [WARN] PackLoader:242 - Cannot read IP mode file for STMicroelectronics.X-CUBE-ALGOBUILD.1.4.0
2024-12-03 16:12:09,066 [WARN] PackLoader:242 - Cannot read IP mode file for STMicroelectronics.X-CUBE-AI.9.1.0
2024-12-03 16:12:09,098 [WARN] PackLoader:242 - Cannot read IP mode file for STMicroelectronics.X-CUBE-GNSS1.6.0.0
2024-12-03 16:12:09,184 [WARN] PackLoader:242 - Cannot read IP mode file for STMicroelectronics.X-CUBE-AZRTOS-F4.1.1.0
2024-12-03 16:12:09,207 [WARN] PackLoader:242 - Cannot read IP mode file for STMicroelectronics.X-CUBE-ISPU.2.1.0
2024-12-03 16:12:09,225 [WARN] PackLoader:242 - Cannot read IP mode file for STMicroelectronics.X-CUBE-FREERTOS.1.2.0
2024-12-03 16:12:09,274 [WARN] PackLoader:242 - Cannot read IP mode file for STMicroelectronics.X-CUBE-AZRTOS-L5.2.0.0
2024-12-03 16:12:09,298 [WARN] PackLoader:242 - Cannot read IP mode file for STMicroelectronics.X-CUBE-NFC6.3.1.0
2024-12-03 16:12:09,325 [ERROR] Engine:467 - C:\Users\User\.stm32cubemx\thirdparties\pdsc\STMicroelectronics.X-CUBE-DPower.1.2.0.pdsc: PDSC version is not supported
2024-12-03 16:12:09,333 [WARN] PackLoader:242 - Cannot read IP mode file for STMicroelectronics.X-CUBE-AI.9.0.0
2024-12-03 16:12:09,348 [WARN] PackLoader:242 - Cannot read IP mode file for STMicroelectronics.X-CUBE-NFC7.1.0.1
2024-12-03 16:12:09,358 [WARN] PackLoader:242 - Cannot read IP mode file for wolfSSL.I-CUBE-wolfTPM.3.2.0
2024-12-03 16:12:09,405 [WARN] ConditionMgr:437 - getConditionDescription Invalid condition id : LAN8742 Phy interface Condition cause : null
2024-12-03 16:12:09,407 [WARN] PackLoader:242 - Cannot read IP mode file for STMicroelectronics.X-CUBE-AZRTOS-L4.2.0.0
2024-12-03 16:12:09,408 [WARN] ConditionMgr:1038 - genDependencies : Invalid condition id : LAN8742 Phy interface Condition cause : null
2024-12-03 16:12:09,412 [WARN] ConditionMgr:1038 - genDependencies : Invalid condition id : LAN8742 Phy interface Condition cause : null
2024-12-03 16:12:09,413 [WARN] ConditionMgr:1038 - genDependencies : Invalid condition id : LAN8742 Phy interface Condition cause : null
2024-12-03 16:12:09,439 [WARN] PackLoader:242 - Cannot read IP mode file for STMicroelectronics.X-CUBE-SFXS2LP1.4.0.0
2024-12-03 16:12:09,499 [WARN] PackLoader:242 - Cannot read IP mode file for STMicroelectronics.X-CUBE-AZRTOS-H7.3.3.0
2024-12-03 16:12:09,521 [ERROR] Engine:467 - C:\Users\User\.stm32cubemx\thirdparties\pdsc\STMicroelectronics.X-CUBE-IPS.3.0.0.pdsc: PDSC version is not supported
2024-12-03 16:12:09,554 [WARN] ConditionMgr:437 - getConditionDescription Invalid condition id : UX DEVICE CLASS RTOS Condition cause : null
2024-12-03 16:12:09,555 [WARN] ConditionMgr:437 - getConditionDescription Invalid condition id : UX DEVICE CLASS RTOS Condition cause : null
2024-12-03 16:12:09,561 [WARN] PackLoader:242 - Cannot read IP mode file for STMicroelectronics.X-CUBE-AZRTOS-WB.2.0.0
2024-12-03 16:12:09,563 [WARN] ConditionMgr:1038 - genDependencies : Invalid condition id : UX DEVICE CLASS RTOS Condition cause : null
2024-12-03 16:12:09,563 [WARN] ConditionMgr:1038 - genDependencies : Invalid condition id : UX DEVICE CLASS RTOS Condition cause : null
2024-12-03 16:12:09,563 [WARN] ConditionMgr:1038 - genDependencies : Invalid condition id : UX DEVICE CLASS RTOS Condition cause : null
2024-12-03 16:12:09,564 [WARN] ConditionMgr:1038 - genDependencies : Invalid condition id : UX DEVICE CLASS RTOS Condition cause : null
2024-12-03 16:12:09,564 [WARN] ConditionMgr:1038 - genDependencies : Invalid condition id : UX DEVICE CLASS RTOS Condition cause : null
2024-12-03 16:12:09,572 [WARN] PackLoader:242 - Cannot read IP mode file for STMicroelectronics.X-CUBE-GNSS1.7.0.0
2024-12-03 16:12:09,579 [ERROR] Engine:467 - C:\Users\User\.stm32cubemx\thirdparties\pdsc\STMicroelectronics.FP-SNS-STBOX1.2.0.0.pdsc: PDSC version is not supported
2024-12-03 16:12:09,599 [WARN] PackLoader:242 - Cannot read IP mode file for STMicroelectronics.X-CUBE-SUBG2.5.0.0
2024-12-03 16:12:09,660 [WARN] PackLoader:242 - Cannot read IP mode file for STMicroelectronics.X-CUBE-AZRTOS-G4.2.0.0
2024-12-03 16:12:09,668 [WARN] PackLoader:242 - Cannot read IP mode file for STMicroelectronics.X-CUBE-ISPU.2.0.0
2024-12-03 16:12:09,677 [WARN] PackLoader:242 - Cannot read IP mode file for STMicroelectronics.X-CUBE-ALS.1.0.2
2024-12-03 16:12:09,753 [WARN] PackLoader:242 - Cannot read IP mode file for STMicroelectronics.X-CUBE-MEMS1.10.0.0
2024-12-03 16:12:10,065 [WARN] PackLoader:242 - Cannot read IP mode file for STMicroelectronics.X-CUBE-TOUCHGFX.4.24.0
2024-12-03 16:12:10,072 [WARN] PackLoader:242 - Cannot read IP mode file for STMicroelectronics.X-CUBE-TOUCHGFX.4.24.1
2024-12-03 16:12:10,081 [WARN] PackLoader:242 - Cannot read IP mode file for portGmbH.I-Cube-SoM-uGOAL.1.1.0
2024-12-03 16:12:10,091 [WARN] PackLoader:242 - Cannot read IP mode file for STMicroelectronics.X-CUBE-ALS.1.0.1
2024-12-03 16:12:10,144 [WARN] PackLoader:242 - Cannot read IP mode file for STMicroelectronics.X-CUBE-AZRTOS-H7RS.1.0.0
2024-12-03 16:12:10,153 [WARN] PackLoader:242 - Cannot read IP mode file for STMicroelectronics.FP-ATR-ASTRA1.2.0.0
2024-12-03 16:12:10,161 [ERROR] Engine:467 - C:\Users\User\.stm32cubemx\thirdparties\pdsc\STMicroelectronics.X-CUBE-TOF1.3.4.2.pdsc: PDSC version is not supported
2024-12-03 16:12:10,177 [WARN] PackLoader:242 - Cannot read IP mode file for STMicroelectronics.X-CUBE-TOF1.3.4.1
2024-12-03 16:12:10,224 [WARN] PackLoader:242 - Cannot read IP mode file for STMicroelectronics.X-CUBE-AZRTOS-H7.3.2.0
2024-12-03 16:12:10,249 [WARN] PackLoader:242 - Cannot read IP mode file for Infineon.AIROC-Wi-Fi-Bluetooth-STM32.1.6.0
2024-12-03 16:12:10,261 [WARN] PackLoader:242 - Cannot read IP mode file for wolfSSL.I-CUBE-wolfSSH.1.4.17
2024-12-03 16:12:10,262 [INFO] ThirdParty:929 - Integrity check success = true
2024-12-03 16:12:10,262 [INFO] IntegrityCheckThread:98 - exiting critical section [integrity check]
2024-12-03 16:12:10,262 [INFO] IntegrityCheckThread:101 - End integrity checks thread
2024-12-03 16:12:10,710 [INFO] DbMcusAds:52 - JSON generation date=Fri Sep 20 20:04:23 ICT 2024 (1726837463113)
2024-12-03 16:12:10,917 [ERROR] TargetSelectorAdapter:236 - Unable to refresh data
2024-12-03 16:12:11,737 [INFO] McuFinderGlobals:57 - Set McuFinderConnectedMode to true
2024-12-03 16:12:11,754 [INFO] MultiScanPanel:195 - Auto-refresh data requested => check proxy status ongoing
2024-12-03 16:12:11,761 [INFO] FinderPluginLoader:92 - Searching for filters in installed packs
2024-12-03 16:12:11,954 [INFO] ApiDb:576 - Connected to CubeFinder SQLite database (C:\Users\User\.stmcufinder\plugins\mcufinder\mcu\cube-finder-db.db)
2024-12-03 16:12:12,348 [INFO] ApiDb:663 - CubeFinder database Data Model version=2.1
2024-12-03 16:12:12,348 [INFO] ApiDb:664 - CubeFinder database Configuration version=3.0.39
2024-12-03 16:12:12,349 [INFO] ApiDb:665 - CubeFinder database generation date=2024-11-21 (1732182206)
2024-12-03 16:12:12,349 [INFO] ApiDb:666 - CubeFinder database FW Pack versions=[FP-ATR-ASTRA1_V2.0.0, FP-SNS-FLIGHT1_V5.0.2, FP-SNS-MOTENV1_V5.0.0, FP-SNS-MOTENVWB1_V1.4.0, FP-SNS-SMARTAG2_V1.2.0, FP-SNS-STBOX1_V2.0.0, STM32Cube_FW_C0_V1.3.0, STM32Cube_FW_F4_V1.28.1, STM32Cube_FW_F7_V1.17.2, STM32Cube_FW_G0_V1.6.2, STM32Cube_FW_G4_V1.6.1, STM32Cube_FW_H5_V1.4.0, STM32Cube_FW_H7RS_V1.1.0, STM32Cube_FW_H7_V1.12.0, STM32Cube_FW_L0_V1.12.2, STM32Cube_FW_L4_V1.18.1, STM32Cube_FW_L5_V1.5.1, STM32Cube_FW_N6_V1.0.0, STM32Cube_FW_U0_V1.2.0, STM32Cube_FW_U3_V1.0.0, STM32Cube_FW_U5_V1.7.0, STM32Cube_FW_WB0_V1.1.0, STM32Cube_FW_WBA_V1.5.0, STM32Cube_FW_WB_V1.21.0, STM32Cube_FW_WL3_V1.0.0, STM32Cube_FW_WL_V1.3.0, X-CUBE-ALGOBUILD_V1.4.0, X-CUBE-ALS_V1.0.2, X-CUBE-AZRTOS-F4_V1.1.0, X-CUBE-AZRTOS-F7_V1.1.0, X-CUBE-AZRTOS-G0_V1.1.0, X-CUBE-AZRTOS-G4_V2.0.0, X-CUBE-AZRTOS-H7RS_V1.0.0, X-CUBE-AZRTOS-H7_V3.3.0, X-CUBE-AZRTOS-L4_V2.0.0, X-CUBE-AZRTOS-L5_V2.0.0, X-CUBE-AZRTOS-WB_V2.0.0, X-CUBE-AZRTOS-WL_V2.0.0, X-CUBE-BLE1_V7.0.0, X-CUBE-BLE2_V3.3.0, X-CUBE-BLEMGR_V3.1.0, X-CUBE-EEPRMA1_V5.1.0, X-CUBE-FREERTOS_V1.2.0, X-CUBE-GNSS1_V6.0.0, X-CUBE-MEMS1_V11.0.0, X-CUBE-NFC4_V3.0.0, X-CUBE-NFC7_V1.0.1, X-CUBE-SFXS2LP1_V4.0.0, X-CUBE-SUBG2_V5.0.0, X-CUBE-TOF1_V3.4.2]
2024-12-03 16:12:18,930 [INFO] ApiDb:239 - Found 138 in-development CPN: [B-WB1M-WPAN1, NUCLEO-C031C6, STEVAL-STWINBX1, STM320518-EVAL, STM32C0116-DK, STM32C011D6Y3TR, STM32C011D6Y6TR, STM32C011F4P3, STM32C011F4P6, STM32C011F4U3, STM32C011F4U6TR, STM32C011F6P3, STM32C011F6P6, STM32C011F6U3, STM32C011F6U6TR, STM32C011J4M3, STM32C011J4M6, STM32C011J6M3, STM32C011J6M6, STM32C0316-DK, STM32C031C4T3, STM32C031C4T6, STM32C031C4U3, STM32C031C4U6, STM32C031C6T3, STM32C031C6T6, STM32C031C6U3, STM32C031C6U6, STM32C031F4P3, STM32C031F4P6, STM32C031F6P3, STM32C031F6P6, STM32C031G4U3, STM32C031G4U6, STM32C031G6U3, STM32C031G6U6, STM32C031K4T3, STM32C031K4T6, STM32C031K4U3, STM32C031K4U6, STM32C031K6T3, STM32C031K6T6, STM32C031K6U3, STM32C031K6U6, STM32G071K8TXN, STM32G071K8UXN, STM32G081GBU6N, STM32G081KBT6N, STM32G081KBUXN, STM32G0B1CCT6N, STM32G0B1KCT6, STM32G0B1NEY6TR, STM32G0B1RCT6N, STM32G0C1CCT6, STM32G0C1CCT6N, STM32G0C1CCU6N, STM32G0C1CET6N, STM32G0C1CEU6N, STM32G0C1KCT6, STM32G0C1NEY6TR, STM32G0C1RCI6N, STM32G0C1RCT6N, STM32G0C1REI6N, STM32G0C1RET6N, STM32G0C1VCI6, STM32G0C1VEI6, STM32G471CCT6, STM32G471CCU6, STM32G471CET3, STM32G471CET6, STM32G471CEU3, STM32G471CEU6, STM32G471MCT6, STM32G471MET3, STM32G471MET6, STM32G471MEY6TR, STM32G471QCT6, STM32G471QET3, STM32G471RCT6, STM32G471RET3, STM32G471RET6, STM32G471VCH6, STM32G471VCI6, STM32G471VCT6, STM32G471VEH3, STM32G471VEH6, STM32G471VEI3, STM32G471VEI6, STM32G471VET3, STM32G471VET6, STM32G474CCT6, STM32L476VGY6PTR, STM32L4R5QGI6STR, STM32MP131AAE3, STM32MP131AAF3, STM32MP131AAG3, STM32MP131CAE3, STM32MP131CAF3, STM32MP131CAG3, STM32MP131DAE7, STM32MP131DAF7, STM32MP131DAG7, STM32MP131FAE7, STM32MP131FAF7, STM32MP131FAG7, STM32MP133AAE3, STM32MP133AAF3, STM32MP133AAG3, STM32MP133CAE3, STM32MP133CAF3, STM32MP133CAG3, STM32MP133DAE7, STM32MP133DAF7, STM32MP133DAG7, STM32MP133FAE7, STM32MP133FAF7, STM32MP133FAG7, STM32MP135AAE3, STM32MP135AAF3, STM32MP135AAG3, STM32MP135CAE3, STM32MP135CAF3, STM32MP135CAG3, STM32MP135DAE7, STM32MP135DAF7, STM32MP135DAG7, STM32MP135F-DK, STM32MP135FAE7, STM32MP135FAF7, STM32MP135FAG7, STM32U595ZJT6Q, STM32U599BJY6QTR, STM32U599NIH6Q, STM32U599NJH6Q, STM32U5A5ZJT6Q, STM32U5A9BJY6QTR, STM32U5A9NJH6Q, STM32WB1MMCH6]
2024-12-03 16:12:18,944 [INFO] DbMcus:215 - Found 4364 MCUs, 4364 are supported
2024-12-03 16:12:18,949 [INFO] ApiDb:418 - Load user favorites file C:\Users\User/.stm32cubeide/favorites.mcus.txt: 0 item(s)
2024-12-03 16:12:18,949 [INFO] ApiDb:422 - User favorites MCUs=[]
2024-12-03 16:12:18,950 [INFO] DbMcus:221 - Set 0 / 0 favorites MCUs
2024-12-03 16:12:24,625 [INFO] LoadUrlFilesThread:177 - End of LoadServerUrlFiles without Thread
2024-12-03 16:12:25,875 [INFO] DetailPanel:339 - Set advertising image to C:/Users/User/STM32Cube/Repository/\en.prom-stm32c071-usb-memories-mcu-finder.png
2024-12-03 16:12:30,246 [INFO] MultiScanPanel:778 - Auto Refresh Data is needed due to updater interval setting
2024-12-03 16:12:30,808 [INFO] ServerAccessManage:474 - Download File mcusAds.json._tmp_
2024-12-03 16:12:31,029 [INFO] LoadUrlFilesThread:150 - End of LoadUrlFiles Thread
2024-12-03 16:12:31,243 [INFO] ServerAccessManage:474 - Download File cube-finder-db.zip
2024-12-03 16:12:38,249 [INFO] FileExtend:239 - Unzip File : cube-finder-db.zip
2024-12-03 16:12:38,250 [INFO] FileExtend:254 - Standard Zip Deflate
2024-12-03 16:12:39,577 [INFO] LoadUrlFilesThread:150 - End of LoadUrlFiles Thread
2024-12-03 16:12:40,388 [INFO] ServerAccessManage:474 - Download File crdb.zip
2024-12-03 16:12:41,829 [INFO] FileExtend:239 - Unzip File : crdb.zip
2024-12-03 16:12:41,829 [INFO] FileExtend:254 - Standard Zip Deflate
2024-12-03 16:12:41,996 [INFO] LoadUrlFilesThread:150 - End of LoadUrlFiles Thread
2024-12-03 16:12:43,646 [INFO] ServerAccessManage:474 - Download File tutoVideoDB.zip
2024-12-03 16:12:43,678 [INFO] FileExtend:239 - Unzip File : tutoVideoDB.zip
2024-12-03 16:12:43,678 [INFO] FileExtend:254 - Standard Zip Deflate
2024-12-03 16:12:43,842 [INFO] LoadUrlFilesThread:150 - End of LoadUrlFiles Thread
2024-12-03 16:12:43,912 [INFO] JxBrowserEngine:106 - Initiate JxBrowser Engine with user profile folder
2024-12-03 16:12:44,449 [ERROR] JxBrowserEngine:59 - Can't initiate JxBrowser engine com.teamdev.jxbrowser.engine.ChromiumBinariesExtractionException: Failed to extract Chromium binaries into C:\Users\User\.stm32cubemx\.jxbrowser\Chromium
2024-12-03 16:12:44,450 [WARN] DbFile:40 - Overriding database path with different value: C:\Users\User\.stmcufinder\plugins\mcufinder/ => C:\Users\User\.stmcufinder\plugins\mcufinder
2024-12-03 16:12:44,560 [INFO] ServerAccessManage:474 - Download File api_config.json
2024-12-03 16:12:44,732 [INFO] LoadUrlFilesThread:150 - End of LoadUrlFiles Thread
2024-12-03 16:12:44,735 [INFO] DbMcusAds:52 - JSON generation date=Fri Sep 20 20:04:23 ICT 2024 (1726837463113)
2024-12-03 16:12:44,746 [INFO] ApiDb:443 - Save user favorites file C:\Users\User/.stm32cubeide/favorites.mcus.txt: 0 item(s)
2024-12-03 16:12:44,746 [INFO] ApiDb:447 - User favorites MCUs=[]
2024-12-03 16:12:44,762 [INFO] ApiDb:576 - Connected to CubeFinder SQLite database (C:\Users\User\.stmcufinder\plugins\mcufinder\mcu\cube-finder-db.db)
2024-12-03 16:12:45,030 [INFO] ApiDb:663 - CubeFinder database Data Model version=2.1
2024-12-03 16:12:45,030 [INFO] ApiDb:664 - CubeFinder database Configuration version=3.0.39
2024-12-03 16:12:45,030 [INFO] ApiDb:665 - CubeFinder database generation date=2024-11-21 (1732182206)
2024-12-03 16:12:45,031 [INFO] ApiDb:666 - CubeFinder database FW Pack versions=[FP-ATR-ASTRA1_V2.0.0, FP-SNS-FLIGHT1_V5.0.2, FP-SNS-MOTENV1_V5.0.0, FP-SNS-MOTENVWB1_V1.4.0, FP-SNS-SMARTAG2_V1.2.0, FP-SNS-STBOX1_V2.0.0, STM32Cube_FW_C0_V1.3.0, STM32Cube_FW_F4_V1.28.1, STM32Cube_FW_F7_V1.17.2, STM32Cube_FW_G0_V1.6.2, STM32Cube_FW_G4_V1.6.1, STM32Cube_FW_H5_V1.4.0, STM32Cube_FW_H7RS_V1.1.0, STM32Cube_FW_H7_V1.12.0, STM32Cube_FW_L0_V1.12.2, STM32Cube_FW_L4_V1.18.1, STM32Cube_FW_L5_V1.5.1, STM32Cube_FW_N6_V1.0.0, STM32Cube_FW_U0_V1.2.0, STM32Cube_FW_U3_V1.0.0, STM32Cube_FW_U5_V1.7.0, STM32Cube_FW_WB0_V1.1.0, STM32Cube_FW_WBA_V1.5.0, STM32Cube_FW_WB_V1.21.0, STM32Cube_FW_WL3_V1.0.0, STM32Cube_FW_WL_V1.3.0, X-CUBE-ALGOBUILD_V1.4.0, X-CUBE-ALS_V1.0.2, X-CUBE-AZRTOS-F4_V1.1.0, X-CUBE-AZRTOS-F7_V1.1.0, X-CUBE-AZRTOS-G0_V1.1.0, X-CUBE-AZRTOS-G4_V2.0.0, X-CUBE-AZRTOS-H7RS_V1.0.0, X-CUBE-AZRTOS-H7_V3.3.0, X-CUBE-AZRTOS-L4_V2.0.0, X-CUBE-AZRTOS-L5_V2.0.0, X-CUBE-AZRTOS-WB_V2.0.0, X-CUBE-AZRTOS-WL_V2.0.0, X-CUBE-BLE1_V7.0.0, X-CUBE-BLE2_V3.3.0, X-CUBE-BLEMGR_V3.1.0, X-CUBE-EEPRMA1_V5.1.0, X-CUBE-FREERTOS_V1.2.0, X-CUBE-GNSS1_V6.0.0, X-CUBE-MEMS1_V11.0.0, X-CUBE-NFC4_V3.0.0, X-CUBE-NFC7_V1.0.1, X-CUBE-SFXS2LP1_V4.0.0, X-CUBE-SUBG2_V5.0.0, X-CUBE-TOF1_V3.4.2]
2024-12-03 16:12:48,028 [INFO] ApiDb:239 - Found 138 in-development CPN: [B-WB1M-WPAN1, NUCLEO-C031C6, STEVAL-STWINBX1, STM320518-EVAL, STM32C0116-DK, STM32C011D6Y3TR, STM32C011D6Y6TR, STM32C011F4P3, STM32C011F4P6, STM32C011F4U3, STM32C011F4U6TR, STM32C011F6P3, STM32C011F6P6, STM32C011F6U3, STM32C011F6U6TR, STM32C011J4M3, STM32C011J4M6, STM32C011J6M3, STM32C011J6M6, STM32C0316-DK, STM32C031C4T3, STM32C031C4T6, STM32C031C4U3, STM32C031C4U6, STM32C031C6T3, STM32C031C6T6, STM32C031C6U3, STM32C031C6U6, STM32C031F4P3, STM32C031F4P6, STM32C031F6P3, STM32C031F6P6, STM32C031G4U3, STM32C031G4U6, STM32C031G6U3, STM32C031G6U6, STM32C031K4T3, STM32C031K4T6, STM32C031K4U3, STM32C031K4U6, STM32C031K6T3, STM32C031K6T6, STM32C031K6U3, STM32C031K6U6, STM32G071K8TXN, STM32G071K8UXN, STM32G081GBU6N, STM32G081KBT6N, STM32G081KBUXN, STM32G0B1CCT6N, STM32G0B1KCT6, STM32G0B1NEY6TR, STM32G0B1RCT6N, STM32G0C1CCT6, STM32G0C1CCT6N, STM32G0C1CCU6N, STM32G0C1CET6N, STM32G0C1CEU6N, STM32G0C1KCT6, STM32G0C1NEY6TR, STM32G0C1RCI6N, STM32G0C1RCT6N, STM32G0C1REI6N, STM32G0C1RET6N, STM32G0C1VCI6, STM32G0C1VEI6, STM32G471CCT6, STM32G471CCU6, STM32G471CET3, STM32G471CET6, STM32G471CEU3, STM32G471CEU6, STM32G471MCT6, STM32G471MET3, STM32G471MET6, STM32G471MEY6TR, STM32G471QCT6, STM32G471QET3, STM32G471RCT6, STM32G471RET3, STM32G471RET6, STM32G471VCH6, STM32G471VCI6, STM32G471VCT6, STM32G471VEH3, STM32G471VEH6, STM32G471VEI3, STM32G471VEI6, STM32G471VET3, STM32G471VET6, STM32G474CCT6, STM32L476VGY6PTR, STM32L4R5QGI6STR, STM32MP131AAE3, STM32MP131AAF3, STM32MP131AAG3, STM32MP131CAE3, STM32MP131CAF3, STM32MP131CAG3, STM32MP131DAE7, STM32MP131DAF7, STM32MP131DAG7, STM32MP131FAE7, STM32MP131FAF7, STM32MP131FAG7, STM32MP133AAE3, STM32MP133AAF3, STM32MP133AAG3, STM32MP133CAE3, STM32MP133CAF3, STM32MP133CAG3, STM32MP133DAE7, STM32MP133DAF7, STM32MP133DAG7, STM32MP133FAE7, STM32MP133FAF7, STM32MP133FAG7, STM32MP135AAE3, STM32MP135AAF3, STM32MP135AAG3, STM32MP135CAE3, STM32MP135CAF3, STM32MP135CAG3, STM32MP135DAE7, STM32MP135DAF7, STM32MP135DAG7, STM32MP135F-DK, STM32MP135FAE7, STM32MP135FAF7, STM32MP135FAG7, STM32U595ZJT6Q, STM32U599BJY6QTR, STM32U599NIH6Q, STM32U599NJH6Q, STM32U5A5ZJT6Q, STM32U5A9BJY6QTR, STM32U5A9NJH6Q, STM32WB1MMCH6]
2024-12-03 16:12:48,040 [INFO] DbMcus:215 - Found 4364 MCUs, 4364 are supported
2024-12-03 16:12:48,040 [INFO] ApiDb:418 - Load user favorites file C:\Users\User/.stm32cubeide/favorites.mcus.txt: 0 item(s)
2024-12-03 16:12:48,041 [INFO] ApiDb:422 - User favorites MCUs=[]
2024-12-03 16:12:48,041 [INFO] DbMcus:221 - Set 0 / 0 favorites MCUs
2024-12-03 16:12:50,111 [INFO] LoadUrlFilesThread:177 - End of LoadServerUrlFiles without Thread
2024-12-03 16:12:50,112 [INFO] MultiScanPanel:785 - Refresh data is successful
2024-12-03 16:12:50,119 [INFO] ApiDb:663 - CubeFinder database Data Model version=2.1
2024-12-03 16:12:50,119 [INFO] ApiDb:664 - CubeFinder database Configuration version=3.0.39
2024-12-03 16:12:50,119 [INFO] ApiDb:665 - CubeFinder database generation date=2024-11-21 (1732182206)
2024-12-03 16:12:50,119 [INFO] ApiDb:666 - CubeFinder database FW Pack versions=[FP-ATR-ASTRA1_V2.0.0, FP-SNS-FLIGHT1_V5.0.2, FP-SNS-MOTENV1_V5.0.0, FP-SNS-MOTENVWB1_V1.4.0, FP-SNS-SMARTAG2_V1.2.0, FP-SNS-STBOX1_V2.0.0, STM32Cube_FW_C0_V1.3.0, STM32Cube_FW_F4_V1.28.1, STM32Cube_FW_F7_V1.17.2, STM32Cube_FW_G0_V1.6.2, STM32Cube_FW_G4_V1.6.1, STM32Cube_FW_H5_V1.4.0, STM32Cube_FW_H7RS_V1.1.0, STM32Cube_FW_H7_V1.12.0, STM32Cube_FW_L0_V1.12.2, STM32Cube_FW_L4_V1.18.1, STM32Cube_FW_L5_V1.5.1, STM32Cube_FW_N6_V1.0.0, STM32Cube_FW_U0_V1.2.0, STM32Cube_FW_U3_V1.0.0, STM32Cube_FW_U5_V1.7.0, STM32Cube_FW_WB0_V1.1.0, STM32Cube_FW_WBA_V1.5.0, STM32Cube_FW_WB_V1.21.0, STM32Cube_FW_WL3_V1.0.0, STM32Cube_FW_WL_V1.3.0, X-CUBE-ALGOBUILD_V1.4.0, X-CUBE-ALS_V1.0.2, X-CUBE-AZRTOS-F4_V1.1.0, X-CUBE-AZRTOS-F7_V1.1.0, X-CUBE-AZRTOS-G0_V1.1.0, X-CUBE-AZRTOS-G4_V2.0.0, X-CUBE-AZRTOS-H7RS_V1.0.0, X-CUBE-AZRTOS-H7_V3.3.0, X-CUBE-AZRTOS-L4_V2.0.0, X-CUBE-AZRTOS-L5_V2.0.0, X-CUBE-AZRTOS-WB_V2.0.0, X-CUBE-AZRTOS-WL_V2.0.0, X-CUBE-BLE1_V7.0.0, X-CUBE-BLE2_V3.3.0, X-CUBE-BLEMGR_V3.1.0, X-CUBE-EEPRMA1_V5.1.0, X-CUBE-FREERTOS_V1.2.0, X-CUBE-GNSS1_V6.0.0, X-CUBE-MEMS1_V11.0.0, X-CUBE-NFC4_V3.0.0, X-CUBE-NFC7_V1.0.1, X-CUBE-SFXS2LP1_V4.0.0, X-CUBE-SUBG2_V5.0.0, X-CUBE-TOF1_V3.4.2]
2024-12-03 16:12:50,213 [INFO] DbBoardsSqlite:227 - include board P-NUCLEO-WB55-NUCLEO as a kit item of type 'Nucleo-64'
2024-12-03 16:12:50,213 [INFO] DbBoardsSqlite:227 - include board P-NUCLEO-WB55-USBDONGLE as a kit item of type 'Nucleo USB Dongle'
2024-12-03 16:12:50,214 [INFO] DbBoardsSqlite:227 - include board STEVAL-IDP005V1 as a kit item of type 'Evaluation Board'
2024-12-03 16:12:50,214 [INFO] DbBoardsSqlite:227 - include board STEVAL-IDP005V2 as a kit item of type 'Evaluation Board'
2024-12-03 16:12:50,313 [INFO] ApiDb:239 - Found 138 in-development CPN: [B-WB1M-WPAN1, NUCLEO-C031C6, STEVAL-STWINBX1, STM320518-EVAL, STM32C0116-DK, STM32C011D6Y3TR, STM32C011D6Y6TR, STM32C011F4P3, STM32C011F4P6, STM32C011F4U3, STM32C011F4U6TR, STM32C011F6P3, STM32C011F6P6, STM32C011F6U3, STM32C011F6U6TR, STM32C011J4M3, STM32C011J4M6, STM32C011J6M3, STM32C011J6M6, STM32C0316-DK, STM32C031C4T3, STM32C031C4T6, STM32C031C4U3, STM32C031C4U6, STM32C031C6T3, STM32C031C6T6, STM32C031C6U3, STM32C031C6U6, STM32C031F4P3, STM32C031F4P6, STM32C031F6P3, STM32C031F6P6, STM32C031G4U3, STM32C031G4U6, STM32C031G6U3, STM32C031G6U6, STM32C031K4T3, STM32C031K4T6, STM32C031K4U3, STM32C031K4U6, STM32C031K6T3, STM32C031K6T6, STM32C031K6U3, STM32C031K6U6, STM32G071K8TXN, STM32G071K8UXN, STM32G081GBU6N, STM32G081KBT6N, STM32G081KBUXN, STM32G0B1CCT6N, STM32G0B1KCT6, STM32G0B1NEY6TR, STM32G0B1RCT6N, STM32G0C1CCT6, STM32G0C1CCT6N, STM32G0C1CCU6N, STM32G0C1CET6N, STM32G0C1CEU6N, STM32G0C1KCT6, STM32G0C1NEY6TR, STM32G0C1RCI6N, STM32G0C1RCT6N, STM32G0C1REI6N, STM32G0C1RET6N, STM32G0C1VCI6, STM32G0C1VEI6, STM32G471CCT6, STM32G471CCU6, STM32G471CET3, STM32G471CET6, STM32G471CEU3, STM32G471CEU6, STM32G471MCT6, STM32G471MET3, STM32G471MET6, STM32G471MEY6TR, STM32G471QCT6, STM32G471QET3, STM32G471RCT6, STM32G471RET3, STM32G471RET6, STM32G471VCH6, STM32G471VCI6, STM32G471VCT6, STM32G471VEH3, STM32G471VEH6, STM32G471VEI3, STM32G471VEI6, STM32G471VET3, STM32G471VET6, STM32G474CCT6, STM32L476VGY6PTR, STM32L4R5QGI6STR, STM32MP131AAE3, STM32MP131AAF3, STM32MP131AAG3, STM32MP131CAE3, STM32MP131CAF3, STM32MP131CAG3, STM32MP131DAE7, STM32MP131DAF7, STM32MP131DAG7, STM32MP131FAE7, STM32MP131FAF7, STM32MP131FAG7, STM32MP133AAE3, STM32MP133AAF3, STM32MP133AAG3, STM32MP133CAE3, STM32MP133CAF3, STM32MP133CAG3, STM32MP133DAE7, STM32MP133DAF7, STM32MP133DAG7, STM32MP133FAE7, STM32MP133FAF7, STM32MP133FAG7, STM32MP135AAE3, STM32MP135AAF3, STM32MP135AAG3, STM32MP135CAE3, STM32MP135CAF3, STM32MP135CAG3, STM32MP135DAE7, STM32MP135DAF7, STM32MP135DAG7, STM32MP135F-DK, STM32MP135FAE7, STM32MP135FAF7, STM32MP135FAG7, STM32U595ZJT6Q, STM32U599BJY6QTR, STM32U599NIH6Q, STM32U599NJH6Q, STM32U5A5ZJT6Q, STM32U5A9BJY6QTR, STM32U5A9NJH6Q, STM32WB1MMCH6]
2024-12-03 16:12:50,341 [INFO] BoardInfo:879 - No configuration file found for board B-G473E-ZEST1S
2024-12-03 16:12:50,342 [INFO] DbBoards:156 - Board is not supported: B-G473E-ZEST1S
2024-12-03 16:12:50,389 [INFO] BoardInfo:879 - No configuration file found for board B-WL5M-SUBG1
2024-12-03 16:12:50,389 [INFO] DbBoards:156 - Board is not supported: B-WL5M-SUBG1
2024-12-03 16:12:50,392 [INFO] BoardInfo:879 - No configuration file found for board NUCLEO-C071RB
2024-12-03 16:12:50,393 [INFO] DbBoards:156 - Board is not supported: NUCLEO-C071RB
2024-12-03 16:12:50,479 [INFO] BoardInfo:879 - No configuration file found for board NUCLEO-H503RB
2024-12-03 16:12:50,480 [INFO] DbBoards:156 - Board is not supported: NUCLEO-H503RB
2024-12-03 16:12:50,482 [INFO] BoardInfo:879 - No configuration file found for board NUCLEO-H533RE
2024-12-03 16:12:50,482 [INFO] DbBoards:156 - Board is not supported: NUCLEO-H533RE
2024-12-03 16:12:50,483 [INFO] BoardInfo:879 - No configuration file found for board NUCLEO-H563ZI
2024-12-03 16:12:50,484 [INFO] DbBoards:156 - Board is not supported: NUCLEO-H563ZI
2024-12-03 16:12:50,496 [INFO] BoardInfo:879 - No configuration file found for board NUCLEO-H7S3L8
2024-12-03 16:12:50,497 [INFO] DbBoards:156 - Board is not supported: NUCLEO-H7S3L8
2024-12-03 16:12:50,532 [INFO] BoardInfo:879 - No configuration file found for board NUCLEO-U031R8
2024-12-03 16:12:50,532 [INFO] DbBoards:156 - Board is not supported: NUCLEO-U031R8
2024-12-03 16:12:50,534 [INFO] BoardInfo:879 - No configuration file found for board NUCLEO-U083RC
2024-12-03 16:12:50,534 [INFO] DbBoards:156 - Board is not supported: NUCLEO-U083RC
2024-12-03 16:12:50,535 [INFO] BoardInfo:879 - No configuration file found for board NUCLEO-U545RE-Q
2024-12-03 16:12:50,536 [INFO] DbBoards:156 - Board is not supported: NUCLEO-U545RE-Q
2024-12-03 16:12:50,538 [INFO] BoardInfo:879 - No configuration file found for board NUCLEO-U5A5ZJ-Q
2024-12-03 16:12:50,539 [INFO] DbBoards:156 - Board is not supported: NUCLEO-U5A5ZJ-Q
2024-12-03 16:12:50,540 [INFO] BoardInfo:879 - No configuration file found for board NUCLEO-WB05KZ
2024-12-03 16:12:50,541 [INFO] DbBoards:156 - Board is not supported: NUCLEO-WB05KZ
2024-12-03 16:12:50,542 [INFO] BoardInfo:879 - No configuration file found for board NUCLEO-WB07CC
2024-12-03 16:12:50,542 [INFO] DbBoards:156 - Board is not supported: NUCLEO-WB07CC
2024-12-03 16:12:50,544 [INFO] BoardInfo:879 - No configuration file found for board NUCLEO-WB09KE
2024-12-03 16:12:50,544 [INFO] DbBoards:156 - Board is not supported: NUCLEO-WB09KE
2024-12-03 16:12:50,548 [INFO] BoardInfo:879 - No configuration file found for board NUCLEO-WBA52CG
2024-12-03 16:12:50,548 [INFO] DbBoards:156 - Board is not supported: NUCLEO-WBA52CG
2024-12-03 16:12:50,550 [INFO] BoardInfo:879 - No configuration file found for board NUCLEO-WBA55CG
2024-12-03 16:12:50,550 [INFO] DbBoards:156 - Board is not supported: NUCLEO-WBA55CG
2024-12-03 16:12:50,558 [INFO] BoardInfo:879 - No configuration file found for board P-NUCLEO-WB55
2024-12-03 16:12:50,558 [INFO] DbBoards:156 - Kit is not supported: P-NUCLEO-WB55
2024-12-03 16:12:50,568 [INFO] BoardInfo:879 - No configuration file found for board STEVAL-BFA001V1B
2024-12-03 16:12:50,571 [INFO] DbBoards:156 - Kit is not supported: STEVAL-BFA001V1B
2024-12-03 16:12:50,573 [INFO] BoardInfo:879 - No configuration file found for board STEVAL-BFA001V2B
2024-12-03 16:12:50,574 [INFO] DbBoards:156 - Kit is not supported: STEVAL-BFA001V2B
2024-12-03 16:12:50,594 [INFO] BoardInfo:879 - No configuration file found for board STEVAL-MKBOXPRO
2024-12-03 16:12:50,595 [INFO] DbBoards:156 - Board is not supported: STEVAL-MKBOXPRO
2024-12-03 16:12:50,598 [INFO] BoardInfo:879 - No configuration file found for board STEVAL-PROTEUS1
2024-12-03 16:12:50,598 [INFO] DbBoards:156 - Board is not supported: STEVAL-PROTEUS1
2024-12-03 16:12:50,599 [INFO] BoardInfo:879 - No configuration file found for board STEVAL-SMARTAG2
2024-12-03 16:12:50,599 [INFO] DbBoards:156 - Board is not supported: STEVAL-SMARTAG2
2024-12-03 16:12:50,688 [INFO] BoardInfo:879 - No configuration file found for board STM32H573I-DK
2024-12-03 16:12:50,688 [INFO] DbBoards:156 - Board is not supported: STM32H573I-DK
2024-12-03 16:12:50,710 [INFO] BoardInfo:879 - No configuration file found for board STM32H7S78-DK
2024-12-03 16:12:50,710 [INFO] DbBoards:156 - Board is not supported: STM32H7S78-DK
2024-12-03 16:12:50,763 [INFO] BoardInfo:879 - No configuration file found for board STM32MP257F-DK
2024-12-03 16:12:50,764 [INFO] DbBoards:156 - Board is not supported: STM32MP257F-DK
2024-12-03 16:12:50,766 [INFO] BoardInfo:879 - No configuration file found for board STM32MP257F-EV1
2024-12-03 16:12:50,767 [INFO] DbBoards:156 - Board is not supported: STM32MP257F-EV1
2024-12-03 16:12:50,769 [INFO] BoardInfo:879 - No configuration file found for board STM32U083C-DK
2024-12-03 16:12:50,769 [INFO] DbBoards:156 - Board is not supported: STM32U083C-DK
2024-12-03 16:12:50,773 [INFO] BoardInfo:879 - No configuration file found for board STM32U5A9J-DK
2024-12-03 16:12:50,773 [INFO] DbBoards:156 - Board is not supported: STM32U5A9J-DK
2024-12-03 16:12:50,775 [INFO] BoardInfo:879 - No configuration file found for board STM32U5G9J-DK1
2024-12-03 16:12:50,775 [INFO] DbBoards:156 - Board is not supported: STM32U5G9J-DK1
2024-12-03 16:12:50,776 [INFO] BoardInfo:879 - No configuration file found for board STM32U5G9J-DK2
2024-12-03 16:12:50,777 [INFO] DbBoards:156 - Board is not supported: STM32U5G9J-DK2
2024-12-03 16:12:50,781 [INFO] BoardInfo:879 - No configuration file found for board STM32WBA55G-DK1
2024-12-03 16:12:50,782 [INFO] DbBoards:156 - Board is not supported: STM32WBA55G-DK1
2024-12-03 16:12:50,782 [INFO] DbBoards:160 - Found 201 boards, 170 are supported
2024-12-03 16:12:50,794 [INFO] ApiDb:418 - Load user favorites file C:\Users\User/.stm32cubeide/favorites.boards.txt: 0 item(s)
2024-12-03 16:12:50,795 [INFO] ApiDb:422 - User favorites Boards=[]
2024-12-03 16:12:50,795 [INFO] DbBoards:189 - Set 0 / 0 favorites Boards
2024-12-03 16:12:53,304 [INFO] ApiDb:663 - CubeFinder database Data Model version=2.1
2024-12-03 16:12:53,304 [INFO] ApiDb:664 - CubeFinder database Configuration version=3.0.39
2024-12-03 16:12:53,304 [INFO] ApiDb:665 - CubeFinder database generation date=2024-11-21 (1732182206)
2024-12-03 16:12:53,305 [INFO] ApiDb:666 - CubeFinder database FW Pack versions=[FP-ATR-ASTRA1_V2.0.0, FP-SNS-FLIGHT1_V5.0.2, FP-SNS-MOTENV1_V5.0.0, FP-SNS-MOTENVWB1_V1.4.0, FP-SNS-SMARTAG2_V1.2.0, FP-SNS-STBOX1_V2.0.0, STM32Cube_FW_C0_V1.3.0, STM32Cube_FW_F4_V1.28.1, STM32Cube_FW_F7_V1.17.2, STM32Cube_FW_G0_V1.6.2, STM32Cube_FW_G4_V1.6.1, STM32Cube_FW_H5_V1.4.0, STM32Cube_FW_H7RS_V1.1.0, STM32Cube_FW_H7_V1.12.0, STM32Cube_FW_L0_V1.12.2, STM32Cube_FW_L4_V1.18.1, STM32Cube_FW_L5_V1.5.1, STM32Cube_FW_N6_V1.0.0, STM32Cube_FW_U0_V1.2.0, STM32Cube_FW_U3_V1.0.0, STM32Cube_FW_U5_V1.7.0, STM32Cube_FW_WB0_V1.1.0, STM32Cube_FW_WBA_V1.5.0, STM32Cube_FW_WB_V1.21.0, STM32Cube_FW_WL3_V1.0.0, STM32Cube_FW_WL_V1.3.0, X-CUBE-ALGOBUILD_V1.4.0, X-CUBE-ALS_V1.0.2, X-CUBE-AZRTOS-F4_V1.1.0, X-CUBE-AZRTOS-F7_V1.1.0, X-CUBE-AZRTOS-G0_V1.1.0, X-CUBE-AZRTOS-G4_V2.0.0, X-CUBE-AZRTOS-H7RS_V1.0.0, X-CUBE-AZRTOS-H7_V3.3.0, X-CUBE-AZRTOS-L4_V2.0.0, X-CUBE-AZRTOS-L5_V2.0.0, X-CUBE-AZRTOS-WB_V2.0.0, X-CUBE-AZRTOS-WL_V2.0.0, X-CUBE-BLE1_V7.0.0, X-CUBE-BLE2_V3.3.0, X-CUBE-BLEMGR_V3.1.0, X-CUBE-EEPRMA1_V5.1.0, X-CUBE-FREERTOS_V1.2.0, X-CUBE-GNSS1_V6.0.0, X-CUBE-MEMS1_V11.0.0, X-CUBE-NFC4_V3.0.0, X-CUBE-NFC7_V1.0.1, X-CUBE-SFXS2LP1_V4.0.0, X-CUBE-SUBG2_V5.0.0, X-CUBE-TOF1_V3.4.2]
2024-12-03 16:12:57,916 [ERROR] DbExamplesSqlite:416 - Missing JSON key: board_cpn
2024-12-03 16:12:57,918 [ERROR] DbExamplesSqlite:416 - Missing JSON key: board_cpn
2024-12-03 16:12:57,919 [ERROR] DbExamplesSqlite:416 - Missing JSON key: board_cpn
2024-12-03 16:12:57,919 [ERROR] DbExamplesSqlite:416 - Missing JSON key: board_cpn
2024-12-03 16:12:58,425 [ERROR] DbExamplesSqlite:416 - Missing JSON key: board_cpn
2024-12-03 16:12:58,425 [ERROR] DbExamplesSqlite:416 - Missing JSON key: board_cpn
2024-12-03 16:12:58,426 [ERROR] DbExamplesSqlite:416 - Missing JSON key: board_cpn
2024-12-03 16:12:58,426 [ERROR] DbExamplesSqlite:416 - Missing JSON key: board_cpn
2024-12-03 16:12:58,427 [ERROR] DbExamplesSqlite:416 - Missing JSON key: board_cpn
2024-12-03 16:12:58,427 [ERROR] DbExamplesSqlite:416 - Missing JSON key: board_cpn
2024-12-03 16:12:58,428 [ERROR] DbExamplesSqlite:416 - Missing JSON key: board_cpn
2024-12-03 16:12:58,428 [ERROR] DbExamplesSqlite:416 - Missing JSON key: board_cpn
2024-12-03 16:12:58,429 [ERROR] DbExamplesSqlite:416 - Missing JSON key: board_cpn
2024-12-03 16:12:59,225 [INFO] DbExamplesSqlite:374 - Ignored 77 examples not supported by CubeIDE
2024-12-03 16:12:59,226 [INFO] DbExamplesSqlite:375 - Found 10474 examples active
2024-12-03 16:12:59,226 [INFO] DbExamplesSqlite:376 - Found 0 examples obsolete
2024-12-03 16:12:59,226 [INFO] DbExamplesSqlite:377 - Found 0 examples under development
2024-12-03 16:12:59,227 [INFO] DbExamplesSqlite:378 - Found 43 examples not building
2024-12-03 16:12:59,231 [INFO] DbExamples:124 - Found 10440 examples
2024-12-03 16:13:00,281 [ERROR] DbExamples:207 - Found 682 examples with invalid data (board or MCU)
2024-12-03 16:13:00,282 [INFO] DbExamples:221 - Found 124 boards with related examples
2024-12-03 16:13:00,291 [INFO] DbExamples:234 - Found 105 MCUs with related examples
2024-12-03 16:13:00,331 [INFO] ApiDb:409 - User favorites file not found: C:\Users\User/.stm32cubeide/favorites.examples.txt
2024-12-03 16:13:00,332 [INFO] DbExamples:249 - Set 0 / 0 favorites Examples
2024-12-03 16:13:10,152 [INFO] MultiScanPanel:195 - Auto-refresh data requested => check proxy status ongoing
2024-12-03 16:13:10,708 [INFO] LoadUrlFilesThread:177 - End of LoadServerUrlFiles without Thread
2024-12-03 16:13:10,708 [INFO] DetailPanel:339 - Set advertising image to C:/Users/User/STM32Cube/Repository/\en.prom-stm32c071-usb-memories-mcu-finder.png
2024-12-03 16:13:10,731 [INFO] DbBoards:628 - Loading board mini-images...
2024-12-03 16:13:10,734 [ERROR] DbBoards:645 - Image file not found for board B-G473E-ZEST1S: D:\BKRA\KEIL C test\STM32CubeIDE_1.10.1\STM32CubeIDE\plugins\com.st.stm32cube.common.mx_6.6.1.202207061420\\db\/plugins/mcufinder/images/boards/b-g473e-zest1s-image-perspective.jpg
2024-12-03 16:13:12,034 [ERROR] DbBoards:645 - Image file not found for board B-WB1M-WPAN1: D:\BKRA\KEIL C test\STM32CubeIDE_1.10.1\STM32CubeIDE\plugins\com.st.stm32cube.common.mx_6.6.1.202207061420\\db\/plugins/mcufinder/images/boards/bp-b-wb1m-wpan1.jpg
2024-12-03 16:13:12,035 [ERROR] DbBoards:645 - Image file not found for board B-WL5M-SUBG1: D:\BKRA\KEIL C test\STM32CubeIDE_1.10.1\STM32CubeIDE\plugins\com.st.stm32cube.common.mx_6.6.1.202207061420\\db\/plugins/mcufinder/images/boards/bp-b-wl5m-subg1.jpg
2024-12-03 16:13:12,035 [ERROR] DbBoards:645 - Image file not found for board NUCLEO-C031C6: D:\BKRA\KEIL C test\STM32CubeIDE_1.10.1\STM32CubeIDE\plugins\com.st.stm32cube.common.mx_6.6.1.202207061420\\db\/plugins/mcufinder/images/boards/bp-nucleo-c031c6.jpg
2024-12-03 16:13:12,035 [ERROR] DbBoards:645 - Image file not found for board NUCLEO-C071RB: D:\BKRA\KEIL C test\STM32CubeIDE_1.10.1\STM32CubeIDE\plugins\com.st.stm32cube.common.mx_6.6.1.202207061420\\db\/plugins/mcufinder/images/boards/bp-nucleo-c071rb.jpg
2024-12-03 16:13:13,725 [ERROR] DbBoards:645 - Image file not found for board NUCLEO-H503RB: D:\BKRA\KEIL C test\STM32CubeIDE_1.10.1\STM32CubeIDE\plugins\com.st.stm32cube.common.mx_6.6.1.202207061420\\db\/plugins/mcufinder/images/boards/bp-nucleo-h503rb-estore.jpg
2024-12-03 16:13:13,725 [ERROR] DbBoards:645 - Image file not found for board NUCLEO-H533RE: D:\BKRA\KEIL C test\STM32CubeIDE_1.10.1\STM32CubeIDE\plugins\com.st.stm32cube.common.mx_6.6.1.202207061420\\db\/plugins/mcufinder/images/boards/nucleo-h533re.jpg
2024-12-03 16:13:13,725 [ERROR] DbBoards:645 - Image file not found for board NUCLEO-H563ZI: D:\BKRA\KEIL C test\STM32CubeIDE_1.10.1\STM32CubeIDE\plugins\com.st.stm32cube.common.mx_6.6.1.202207061420\\db\/plugins/mcufinder/images/boards/bp-nucleo-h563zi-estore.jpg
2024-12-03 16:13:13,937 [ERROR] DbBoards:645 - Image file not found for board NUCLEO-H7S3L8: D:\BKRA\KEIL C test\STM32CubeIDE_1.10.1\STM32CubeIDE\plugins\com.st.stm32cube.common.mx_6.6.1.202207061420\\db\/plugins/mcufinder/images/boards/nucleo-h7s3l8.jpg
2024-12-03 16:13:14,661 [ERROR] DbBoards:645 - Image file not found for board NUCLEO-U031R8: D:\BKRA\KEIL C test\STM32CubeIDE_1.10.1\STM32CubeIDE\plugins\com.st.stm32cube.common.mx_6.6.1.202207061420\\db\/plugins/mcufinder/images/boards/nucleo-u031r8.jpg
2024-12-03 16:13:14,661 [ERROR] DbBoards:645 - Image file not found for board NUCLEO-U083RC: D:\BKRA\KEIL C test\STM32CubeIDE_1.10.1\STM32CubeIDE\plugins\com.st.stm32cube.common.mx_6.6.1.202207061420\\db\/plugins/mcufinder/images/boards/nucleo-u083rc.jpg
2024-12-03 16:13:14,662 [ERROR] DbBoards:645 - Image file not found for board NUCLEO-U545RE-Q: D:\BKRA\KEIL C test\STM32CubeIDE_1.10.1\STM32CubeIDE\plugins\com.st.stm32cube.common.mx_6.6.1.202207061420\\db\/plugins/mcufinder/images/boards/nucleo-u545re-q.jpg
2024-12-03 16:13:14,774 [ERROR] DbBoards:645 - Image file not found for board NUCLEO-U5A5ZJ-Q: D:\BKRA\KEIL C test\STM32CubeIDE_1.10.1\STM32CubeIDE\plugins\com.st.stm32cube.common.mx_6.6.1.202207061420\\db\/plugins/mcufinder/images/boards/nucleo-u545re-q.jpg
2024-12-03 16:13:14,775 [ERROR] DbBoards:645 - Image file not found for board NUCLEO-WB05KZ: D:\BKRA\KEIL C test\STM32CubeIDE_1.10.1\STM32CubeIDE\plugins\com.st.stm32cube.common.mx_6.6.1.202207061420\\db\/plugins/mcufinder/images/boards/nucleo-wb05kz.jpg
2024-12-03 16:13:14,775 [ERROR] DbBoards:645 - Image file not found for board NUCLEO-WB07CC: D:\BKRA\KEIL C test\STM32CubeIDE_1.10.1\STM32CubeIDE\plugins\com.st.stm32cube.common.mx_6.6.1.202207061420\\db\/plugins/mcufinder/images/boards/bn-stm32wb0-board.jpg
2024-12-03 16:13:14,775 [ERROR] DbBoards:645 - Image file not found for board NUCLEO-WB09KE: D:\BKRA\KEIL C test\STM32CubeIDE_1.10.1\STM32CubeIDE\plugins\com.st.stm32cube.common.mx_6.6.1.202207061420\\db\/plugins/mcufinder/images/boards/nucleo-wb09ke.jpg
2024-12-03 16:13:14,775 [ERROR] DbBoards:648 - No image file defined for board NUCLEO-WB15CC
2024-12-03 16:13:14,876 [ERROR] DbBoards:645 - Image file not found for board NUCLEO-WBA52CG: D:\BKRA\KEIL C test\STM32CubeIDE_1.10.1\STM32CubeIDE\plugins\com.st.stm32cube.common.mx_6.6.1.202207061420\\db\/plugins/mcufinder/images/boards/nucleo-wba52cg-board-photo.jpg
2024-12-03 16:13:14,876 [ERROR] DbBoards:645 - Image file not found for board NUCLEO-WBA55CG: D:\BKRA\KEIL C test\STM32CubeIDE_1.10.1\STM32CubeIDE\plugins\com.st.stm32cube.common.mx_6.6.1.202207061420\\db\/plugins/mcufinder/images/boards/nucleo-wba55cg.jpg
2024-12-03 16:13:15,113 [ERROR] DbBoards:645 - Image file not found for board STEVAL-MKBOXPRO: D:\BKRA\KEIL C test\STM32CubeIDE_1.10.1\STM32CubeIDE\plugins\com.st.stm32cube.common.mx_6.6.1.202207061420\\db\/plugins/mcufinder/images/boards/steval-mkboxpro-image.jpg
2024-12-03 16:13:15,132 [ERROR] DbBoards:645 - Image file not found for board STEVAL-PROTEUS1: D:\BKRA\KEIL C test\STM32CubeIDE_1.10.1\STM32CubeIDE\plugins\com.st.stm32cube.common.mx_6.6.1.202207061420\\db\/plugins/mcufinder/images/boards/steval-proteus1_image.jpg
2024-12-03 16:13:15,132 [ERROR] DbBoards:645 - Image file not found for board STEVAL-SMARTAG2: D:\BKRA\KEIL C test\STM32CubeIDE_1.10.1\STM32CubeIDE\plugins\com.st.stm32cube.common.mx_6.6.1.202207061420\\db\/plugins/mcufinder/images/boards/steval-smartag2-image.jpg
2024-12-03 16:13:15,132 [ERROR] DbBoards:645 - Image file not found for board STEVAL-STWINBX1: D:\BKRA\KEIL C test\STM32CubeIDE_1.10.1\STM32CubeIDE\plugins\com.st.stm32cube.common.mx_6.6.1.202207061420\\db\/plugins/mcufinder/images/boards/stwinbx1-image.jpg
2024-12-03 16:13:15,223 [ERROR] DbBoards:645 - Image file not found for board STM320518-EVAL: D:\BKRA\KEIL C test\STM32CubeIDE_1.10.1\STM32CubeIDE\plugins\com.st.stm32cube.common.mx_6.6.1.202207061420\\db\/plugins/mcufinder/images/boards/stm320518-eval.jpg
2024-12-03 16:13:15,232 [ERROR] DbBoards:648 - No image file defined for board STM32091C-EVAL
2024-12-03 16:13:15,232 [ERROR] DbBoards:648 - No image file defined for board STM32100E-EVAL
2024-12-03 16:13:15,232 [ERROR] DbBoards:648 - No image file defined for board STM3210C-EVAL
2024-12-03 16:13:15,263 [ERROR] DbBoards:648 - No image file defined for board STM3221G-EVAL
2024-12-03 16:13:15,264 [ERROR] DbBoards:645 - Image file not found for board STM32303C-EVAL: D:\BKRA\KEIL C test\STM32CubeIDE_1.10.1\STM32CubeIDE\plugins\com.st.stm32cube.common.mx_6.6.1.202207061420\\db\/plugins/mcufinder/images/boards/stm32303c-eval.jpg
2024-12-03 16:13:15,410 [ERROR] DbBoards:645 - Image file not found for board STM32469I-EVAL: D:\BKRA\KEIL C test\STM32CubeIDE_1.10.1\STM32CubeIDE\plugins\com.st.stm32cube.common.mx_6.6.1.202207061420\\db\/plugins/mcufinder/images/boards/stm32469i-eval.jpg
2024-12-03 16:13:15,410 [ERROR] DbBoards:648 - No image file defined for board STM32479I-EVAL
2024-12-03 16:13:15,428 [ERROR] DbBoards:645 - Image file not found for board STM32C0116-DK: D:\BKRA\KEIL C test\STM32CubeIDE_1.10.1\STM32CubeIDE\plugins\com.st.stm32cube.common.mx_6.6.1.202207061420\\db\/plugins/mcufinder/images/boards/bp-stm32c0116-dk.jpg
2024-12-03 16:13:15,428 [ERROR] DbBoards:645 - Image file not found for board STM32C0316-DK: D:\BKRA\KEIL C test\STM32CubeIDE_1.10.1\STM32CubeIDE\plugins\com.st.stm32cube.common.mx_6.6.1.202207061420\\db\/plugins/mcufinder/images/boards/bp-stm32c0316-dk.jpg
2024-12-03 16:13:15,482 [ERROR] DbBoards:648 - No image file defined for board STM32F401C-DISCO
2024-12-03 16:13:15,608 [ERROR] DbBoards:648 - No image file defined for board STM32F7308-DK
2024-12-03 16:13:15,691 [ERROR] DbBoards:645 - Image file not found for board STM32F779I-EVAL: D:\BKRA\KEIL C test\STM32CubeIDE_1.10.1\STM32CubeIDE\plugins\com.st.stm32cube.common.mx_6.6.1.202207061420\\db\/plugins/mcufinder/images/boards/stm32f779i-eval.jpg
2024-12-03 16:13:15,843 [ERROR] DbBoards:645 - Image file not found for board STM32H573I-DK: D:\BKRA\KEIL C test\STM32CubeIDE_1.10.1\STM32CubeIDE\plugins\com.st.stm32cube.common.mx_6.6.1.202207061420\\db\/plugins/mcufinder/images/boards/bp-stm32h573i-dk-estore.jpg
2024-12-03 16:13:15,962 [ERROR] DbBoards:645 - Image file not found for board STM32H7S78-DK: D:\BKRA\KEIL C test\STM32CubeIDE_1.10.1\STM32CubeIDE\plugins\com.st.stm32cube.common.mx_6.6.1.202207061420\\db\/plugins/mcufinder/images/boards/stm32h7s78-dk.jpg
2024-12-03 16:13:15,962 [ERROR] DbBoards:645 - Image file not found for board STM32L-DISCOVERY: D:\BKRA\KEIL C test\STM32CubeIDE_1.10.1\STM32CubeIDE\plugins\com.st.stm32cube.common.mx_6.6.1.202207061420\\db\/plugins/mcufinder/images/boards/stm32l-discovery_board.jpg
2024-12-03 16:13:16,008 [ERROR] DbBoards:648 - No image file defined for board STM32L152D-EVAL
2024-12-03 16:13:16,171 [ERROR] DbBoards:645 - Image file not found for board STM32MP135F-DK: D:\BKRA\KEIL C test\STM32CubeIDE_1.10.1\STM32CubeIDE\plugins\com.st.stm32cube.common.mx_6.6.1.202207061420\\db\/plugins/mcufinder/images/boards/web-stm32mp135f-dk-board.jpg
2024-12-03 16:13:16,254 [ERROR] DbBoards:645 - Image file not found for board STM32MP257F-DK: D:\BKRA\KEIL C test\STM32CubeIDE_1.10.1\STM32CubeIDE\plugins\com.st.stm32cube.common.mx_6.6.1.202207061420\\db\/plugins/mcufinder/images/boards/stm32mp257f-dk.jpg
2024-12-03 16:13:16,255 [ERROR] DbBoards:645 - Image file not found for board STM32MP257F-EV1: D:\BKRA\KEIL C test\STM32CubeIDE_1.10.1\STM32CubeIDE\plugins\com.st.stm32cube.common.mx_6.6.1.202207061420\\db\/plugins/mcufinder/images/boards/st32499-mb1936c-perspective.jpg
2024-12-03 16:13:16,255 [ERROR] DbBoards:645 - Image file not found for board STM32U083C-DK: D:\BKRA\KEIL C test\STM32CubeIDE_1.10.1\STM32CubeIDE\plugins\com.st.stm32cube.common.mx_6.6.1.202207061420\\db\/plugins/mcufinder/images/boards/stm32u083c-dk.jpg
2024-12-03 16:13:16,287 [ERROR] DbBoards:645 - Image file not found for board STM32U5A9J-DK: D:\BKRA\KEIL C test\STM32CubeIDE_1.10.1\STM32CubeIDE\plugins\com.st.stm32cube.common.mx_6.6.1.202207061420\\db\/plugins/mcufinder/images/boards/stm32u5a9j-dk-board-photo.jpg
2024-12-03 16:13:16,288 [ERROR] DbBoards:645 - Image file not found for board STM32U5G9J-DK1: D:\BKRA\KEIL C test\STM32CubeIDE_1.10.1\STM32CubeIDE\plugins\com.st.stm32cube.common.mx_6.6.1.202207061420\\db\/plugins/mcufinder/images/boards/stm32u5g9j-dk1-board-photo.jpg
2024-12-03 16:13:16,288 [ERROR] DbBoards:645 - Image file not found for board STM32U5G9J-DK2: D:\BKRA\KEIL C test\STM32CubeIDE_1.10.1\STM32CubeIDE\plugins\com.st.stm32cube.common.mx_6.6.1.202207061420\\db\/plugins/mcufinder/images/boards/stm32u5g9j-dk2-board-photo.jpg
2024-12-03 16:13:16,323 [ERROR] DbBoards:645 - Image file not found for board STM32WBA55G-DK1: D:\BKRA\KEIL C test\STM32CubeIDE_1.10.1\STM32CubeIDE\plugins\com.st.stm32cube.common.mx_6.6.1.202207061420\\db\/plugins/mcufinder/images/boards/stm32wba55g-dk1.jpg
2024-12-03 16:13:16,323 [INFO] DbBoards:651 - Loaded 153 board mini-images
2024-12-03 16:13:58,099 [INFO] MainUpdater:2768 - connection check result : 10
2024-12-03 16:13:58,100 [INFO] MainUpdater:2768 - connection check result : 10
2024-12-03 16:13:58,207 [INFO] MicroXplorer:451 - Change Database Path : 
2024-12-03 16:13:58,214 [INFO] MicroXplorer:481 - Change Database Version : DB.6.0.60
2024-12-03 16:13:58,214 [WARN] ThirdParty:827 - waiting for thirdparty lock release [close project]
2024-12-03 16:13:58,214 [INFO] ThirdParty:829 - entering critical section [close project]
2024-12-03 16:13:58,220 [INFO] ThirdParty:839 - exiting critical section [close project]
2024-12-03 16:13:58,237 [INFO] PinOutPanel:1468 - setPackage(No Configuration,No Configuration)
2024-12-03 16:13:58,311 [INFO] UtilMem:74 - Begin LoadConfig() Used Memory: 809525720 Bytes (905969664)
2024-12-03 16:13:58,316 [INFO] OpenFileManager:307 - Change cursor
2024-12-03 16:13:58,545 [INFO] ProjectFactory:399 - No CPN specified for board NUCLEO-F103RB => set CPN to STM32F103RBT6
2024-12-03 16:13:58,546 [INFO] Mcu:1922 - Initializing MCU STM32F103R(8-B)Tx STM32F103RBTx STM32F103RBT6
2024-12-03 16:14:05,790 [INFO] Context:654 - Trying to add GPIOservice into a context  which must be forbidden
2024-12-03 16:14:06,453 [INFO] ImportTextPane:193 - (OptionalMessage_ERROR) Unable to find key (Mcu.ThirdPartyNb) in loaded IOC file
2024-12-03 16:14:06,788 [WARN] ApiManager:308 - Cannot register API 'Board Extension:NFC09A1' from pack STMicroelectronics.X-CUBE-NFC9.1.0.0: no header file found
2024-12-03 16:14:06,796 [WARN] ApiManager:308 - Cannot register API 'Board Extension:GNSS1A1' from pack STMicroelectronics.X-CUBE-GNSS1.6.0.0: no header file found
2024-12-03 16:14:06,796 [WARN] ApiManager:308 - Cannot register API 'Board Support:Custom' from pack STMicroelectronics.X-CUBE-GNSS1.6.0.0: no header file found
2024-12-03 16:14:06,796 [WARN] ApiManager:308 - Cannot register API 'Data Exchange:lib_gnss' from pack STMicroelectronics.X-CUBE-GNSS1.6.0.0: no header file found
2024-12-03 16:14:06,807 [WARN] ApiManager:308 - Cannot register API 'Wireless:STM32WB05N' from pack STMicroelectronics.X-CUBE-WB05N.1.1.0: no header file found
2024-12-03 16:14:06,816 [WARN] ApiManager:308 - Cannot register API 'Board Extension:GNSS1A1' from pack STMicroelectronics.X-CUBE-GNSS1.7.0.0: no header file found
2024-12-03 16:14:06,816 [WARN] ApiManager:308 - Cannot register API 'Board Support:Custom' from pack STMicroelectronics.X-CUBE-GNSS1.7.0.0: no header file found
2024-12-03 16:14:06,816 [WARN] ApiManager:308 - Cannot register API 'Data Exchange:lib_gnss' from pack STMicroelectronics.X-CUBE-GNSS1.7.0.0: no header file found
2024-12-03 16:14:06,831 [WARN] ApiManager:308 - Cannot register API 'Board Extension:NFC06A1' from pack STMicroelectronics.X-CUBE-NFC6.3.1.0: no header file found
2024-12-03 16:14:06,831 [WARN] ApiManager:308 - Cannot register API 'Board Extension:NFC08A1' from pack STMicroelectronics.X-CUBE-NFC6.3.1.0: no header file found
2024-12-03 16:14:07,333 [WARN] ApiManager:308 - Cannot register API 'Board Extension:IKS01A3' from pack STMicroelectronics.X-CUBE-MEMS1.11.0.0: no header file found
2024-12-03 16:14:07,334 [WARN] ApiManager:308 - Cannot register API 'Board Extension:IKS02A1' from pack STMicroelectronics.X-CUBE-MEMS1.11.0.0: no header file found
2024-12-03 16:14:07,334 [WARN] ApiManager:308 - Cannot register API 'Board Extension:IKS4A1' from pack STMicroelectronics.X-CUBE-MEMS1.11.0.0: no header file found
2024-12-03 16:14:07,411 [INFO] RtosManager:488 - Registered RTOS mode: class=CMSIS, group=RTOS, mode=CMSIS_V1, owner=FREERTOS
2024-12-03 16:14:07,412 [INFO] RtosManager:488 - Registered RTOS mode: class=CMSIS, group=RTOS2, mode=CMSIS_V2, owner=FREERTOS
2024-12-03 16:14:07,412 [INFO] RtosManager:488 - Registered RTOS mode: class=RTOS, group=Core, mode=CMSIS_V1, owner=FREERTOS
2024-12-03 16:14:07,412 [INFO] RtosManager:488 - Registered RTOS mode: class=RTOS, group=Core, mode=CMSIS_V2, owner=FREERTOS
2024-12-03 16:14:07,414 [WARN] ModelIntegratedComponent:185 - Missing modes for component STMicroelectronics:FreeRTOS:0.0.1:STMicroelectronics:RTOS:FreeRTOS:Core:::10.2.0:
2024-12-03 16:14:07,418 [WARN] ApiManager:308 - Cannot register API 'Board Extension:STSAFEA1' from pack STMicroelectronics.X-CUBE-SAFEA1.1.2.2: no header file found
2024-12-03 16:14:07,418 [WARN] ApiManager:308 - Cannot register API 'Board Part:STSAFEA110' from pack STMicroelectronics.X-CUBE-SAFEA1.1.2.2: no header file found
2024-12-03 16:14:07,418 [WARN] ApiManager:308 - Cannot register API 'Security:ST_Cryptolib' from pack STMicroelectronics.X-CUBE-SAFEA1.1.2.2: no header file found
2024-12-03 16:14:07,419 [WARN] ApiManager:308 - Cannot register API 'Security:MbedTLS' from pack STMicroelectronics.X-CUBE-SAFEA1.1.2.2: no header file found
2024-12-03 16:14:07,422 [WARN] ApiManager:308 - Cannot register API 'Board Extension:NFC04A1' from pack STMicroelectronics.X-CUBE-NFC4.3.0.0: no header file found
2024-12-03 16:14:07,426 [WARN] ApiManager:308 - Cannot register API 'Board Extension:S2868A1' from pack STMicroelectronics.X-CUBE-SUBG2.5.0.0: no header file found
2024-12-03 16:14:07,426 [WARN] ApiManager:308 - Cannot register API 'Board Extension:S2868A2' from pack STMicroelectronics.X-CUBE-SUBG2.5.0.0: no header file found
2024-12-03 16:14:07,426 [WARN] ApiManager:308 - Cannot register API 'Board Extension:S2915A1' from pack STMicroelectronics.X-CUBE-SUBG2.5.0.0: no header file found
2024-12-03 16:14:07,433 [WARN] ApiManager:308 - Cannot register API 'Wireless:BlueNRG-MS' from pack STMicroelectronics.X-CUBE-BLE1.7.0.0: no header file found
2024-12-03 16:14:07,434 [WARN] ApiManager:308 - Cannot register API 'Board Extension:NFC10A1' from pack STMicroelectronics.X-CUBE-NFC10.1.0.0: no header file found
2024-12-03 16:14:07,436 [WARN] ApiManager:308 - Cannot register API 'Board Extension:EEPRMA2' from pack STMicroelectronics.X-CUBE-EEPRMA1.5.1.0: no header file found
2024-12-03 16:14:07,436 [WARN] ApiManager:308 - Cannot register API 'Board Extension:PGEEZ1' from pack STMicroelectronics.X-CUBE-EEPRMA1.5.1.0: no header file found
2024-12-03 16:14:07,437 [WARN] ApiManager:308 - Cannot register API 'Board Extension:EEICA1' from pack STMicroelectronics.X-CUBE-EEPRMA1.5.1.0: no header file found
2024-12-03 16:14:07,437 [WARN] ApiManager:308 - Cannot register API 'Board Part:M24' from pack STMicroelectronics.X-CUBE-EEPRMA1.5.1.0: no header file found
2024-12-03 16:14:07,437 [WARN] ApiManager:308 - Cannot register API 'Board Part:M95' from pack STMicroelectronics.X-CUBE-EEPRMA1.5.1.0: no header file found
2024-12-03 16:14:07,437 [WARN] ApiManager:308 - Cannot register API 'Board Part:M95P32' from pack STMicroelectronics.X-CUBE-EEPRMA1.5.1.0: no header file found
2024-12-03 16:14:07,437 [WARN] ApiManager:308 - Cannot register API 'Board Part:M24256E-F' from pack STMicroelectronics.X-CUBE-EEPRMA1.5.1.0: no header file found
2024-12-03 16:14:07,437 [WARN] ApiManager:308 - Cannot register API 'Board Part:M24M01E-F' from pack STMicroelectronics.X-CUBE-EEPRMA1.5.1.0: no header file found
2024-12-03 16:14:07,437 [WARN] ApiManager:308 - Cannot register API 'PGEEZ1:SPI' from pack STMicroelectronics.X-CUBE-EEPRMA1.5.1.0: no header file found
2024-12-03 16:14:07,437 [WARN] ApiManager:308 - Cannot register API 'PGEEZ1:QDSPI' from pack STMicroelectronics.X-CUBE-EEPRMA1.5.1.0: no header file found
2024-12-03 16:14:07,440 [WARN] ModelIntegratedComponent:64 - No mode defined for component null
2024-12-03 16:14:07,440 [WARN] ModelIntegratedComponent:64 - No mode defined for component null
2024-12-03 16:14:07,440 [WARN] ModelIntegratedComponent:64 - No mode defined for component null
2024-12-03 16:14:07,440 [WARN] ModelIntegratedComponent:64 - No mode defined for component null
2024-12-03 16:14:07,440 [WARN] ModelIntegratedComponent:64 - No mode defined for component null
2024-12-03 16:14:07,440 [WARN] ModelIntegratedComponent:64 - No mode defined for component null
2024-12-03 16:14:07,441 [WARN] ModelIntegratedComponent:64 - No mode defined for component null
2024-12-03 16:14:07,441 [WARN] ModelIntegratedComponent:64 - No mode defined for component null
2024-12-03 16:14:07,441 [WARN] ModelIntegratedComponent:64 - No mode defined for component null
2024-12-03 16:14:07,441 [WARN] ModelIntegratedComponent:64 - No mode defined for component null
2024-12-03 16:14:07,441 [WARN] ModelIntegratedComponent:64 - No mode defined for component null
2024-12-03 16:14:07,441 [WARN] ModelIntegratedComponent:64 - No mode defined for component null
2024-12-03 16:14:07,441 [WARN] ModelIntegratedComponent:64 - No mode defined for component null
2024-12-03 16:14:07,441 [WARN] ModelIntegratedComponent:64 - No mode defined for component null
2024-12-03 16:14:07,441 [WARN] ModelIntegratedComponent:64 - No mode defined for component null
2024-12-03 16:14:07,441 [WARN] ModelIntegratedComponent:64 - No mode defined for component null
2024-12-03 16:14:07,442 [WARN] ModelIntegratedComponent:64 - No mode defined for component null
2024-12-03 16:14:07,442 [WARN] ModelIntegratedComponent:64 - No mode defined for component null
2024-12-03 16:14:07,442 [WARN] ModelIntegratedComponent:64 - No mode defined for component null
2024-12-03 16:14:07,442 [WARN] ModelIntegratedComponent:64 - No mode defined for component null
2024-12-03 16:14:07,442 [WARN] ModelIntegratedComponent:64 - No mode defined for component null
2024-12-03 16:14:07,442 [WARN] ModelIntegratedComponent:64 - No mode defined for component null
2024-12-03 16:14:07,442 [WARN] ModelIntegratedComponent:64 - No mode defined for component null
2024-12-03 16:14:07,442 [WARN] ModelIntegratedComponent:64 - No mode defined for component null
2024-12-03 16:14:07,442 [WARN] ModelIntegratedComponent:64 - No mode defined for component null
2024-12-03 16:14:07,443 [WARN] ModelIntegratedComponent:64 - No mode defined for component null
2024-12-03 16:14:07,443 [WARN] ModelIntegratedComponent:64 - No mode defined for component null
2024-12-03 16:14:07,443 [WARN] ModelIntegratedComponent:64 - No mode defined for component null
2024-12-03 16:14:07,443 [WARN] ModelIntegratedComponent:64 - No mode defined for component null
2024-12-03 16:14:07,443 [WARN] ModelIntegratedComponent:64 - No mode defined for component null
2024-12-03 16:14:07,443 [WARN] ModelIntegratedComponent:64 - No mode defined for component null
2024-12-03 16:14:07,443 [WARN] ModelIntegratedComponent:64 - No mode defined for component null
2024-12-03 16:14:07,443 [WARN] ModelIntegratedComponent:64 - No mode defined for component null
2024-12-03 16:14:07,828 [WARN] ApiManager:308 - Cannot register API 'Board Extension:IKS01A3' from pack STMicroelectronics.X-CUBE-MEMS1.10.0.0: no header file found
2024-12-03 16:14:07,828 [WARN] ApiManager:308 - Cannot register API 'Board Extension:IKS02A1' from pack STMicroelectronics.X-CUBE-MEMS1.10.0.0: no header file found
2024-12-03 16:14:07,829 [WARN] ApiManager:308 - Cannot register API 'Board Extension:IKS4A1' from pack STMicroelectronics.X-CUBE-MEMS1.10.0.0: no header file found
2024-12-03 16:14:07,839 [WARN] ApiManager:308 - Cannot register API 'Board Extension:NFC07A1' from pack STMicroelectronics.X-CUBE-NFC7.1.0.1: no header file found
2024-12-03 16:14:07,931 [WARN] ApiManager:308 - Cannot register API 'Board Extension:S2868A1' from pack STMicroelectronics.X-CUBE-SFXS2LP1.4.0.0: no header file found
2024-12-03 16:14:07,931 [WARN] ApiManager:308 - Cannot register API 'Board Extension:S2868A2' from pack STMicroelectronics.X-CUBE-SFXS2LP1.4.0.0: no header file found
2024-12-03 16:14:07,932 [WARN] ApiManager:308 - Cannot register API 'Board Extension:S2915A1' from pack STMicroelectronics.X-CUBE-SFXS2LP1.4.0.0: no header file found
2024-12-03 16:14:07,933 [WARN] ApiManager:308 - Cannot register API 'Wireless:BlueNRG-2' from pack STMicroelectronics.X-CUBE-BLE2.3.3.0: no header file found
2024-12-03 16:14:07,986 [INFO] ThirdPartyModel:289 - Start build external matchings
2024-12-03 16:14:11,856 [INFO] ThirdPartyModel:302 - End build external matchings
2024-12-03 16:14:11,929 [INFO] ImportTextPane:193 - (OptionalMessage_ERROR) IP (RCC) : Parameter (ADCFreqValue) has invalid value (32000000)
2024-12-03 16:14:11,930 [INFO] ImportTextPane:193 - (OptionalMessage_ERROR) IP (RCC) : Invalid parameter (FamilyName)
2024-12-03 16:14:11,930 [INFO] ImportTextPane:193 - (OptionalMessage_ERROR) IP (RCC) : Parameter (MCOFreq_Value) has invalid value (64000000)
2024-12-03 16:14:11,931 [INFO] ImportTextPane:193 - (OptionalMessage_ERROR) IP (RCC) : Parameter (USBFreq_Value) has invalid value (64000000)
2024-12-03 16:14:14,470 [INFO] UtilMem:74 - End LoadConfig() Used Memory: 853093216 Bytes (913309696)
2024-12-03 16:14:15,421 [WARN] ThirdParty:789 - waiting for thirdparty lock release [change project]
2024-12-03 16:14:15,421 [INFO] ThirdParty:791 - entering critical section [change project]
2024-12-03 16:14:15,422 [INFO] ThirdParty:981 - CMSIS Pack Vendor :STMicroelectronics X-CUBE-AZRTOS-H7 3.3.0
2024-12-03 16:14:15,422 [INFO] ThirdParty:981 - CMSIS Pack Vendor :STMicroelectronics X-CUBE-NFC9 1.0.0
2024-12-03 16:14:15,422 [INFO] ThirdParty:981 - CMSIS Pack Vendor :STMicroelectronics X-CUBE-GNSS1 6.0.0
2024-12-03 16:14:15,422 [INFO] ThirdParty:981 - CMSIS Pack Vendor :STMicroelectronics USB_HOST 2.0.0
2024-12-03 16:14:15,422 [INFO] ThirdParty:981 - CMSIS Pack Vendor :STMicroelectronics FP-SNS-MOTENVWB1 1.4.0
2024-12-03 16:14:15,422 [INFO] ThirdParty:981 - CMSIS Pack Vendor :STMicroelectronics X-CUBE-AZRTOS-F4 1.1.0
2024-12-03 16:14:15,423 [INFO] ThirdParty:981 - CMSIS Pack Vendor :STMicroelectronics LIBJPEG 8.0.0
2024-12-03 16:14:15,423 [INFO] ThirdParty:981 - CMSIS Pack Vendor :STMicroelectronics FP-ATR-ASTRA1 2.0.1
2024-12-03 16:14:15,423 [INFO] ThirdParty:981 - CMSIS Pack Vendor :STMicroelectronics X-CUBE-SMBUS 2.1.0
2024-12-03 16:14:15,423 [INFO] ThirdParty:981 - CMSIS Pack Vendor :STMicroelectronics X-CUBE-WB05N 1.1.0
2024-12-03 16:14:15,424 [INFO] ThirdParty:981 - CMSIS Pack Vendor :STMicroelectronics USB_DEVICE 3.0.0
2024-12-03 16:14:15,424 [INFO] ThirdParty:981 - CMSIS Pack Vendor :STMicroelectronics X-CUBE-TCPP 4.1.0
2024-12-03 16:14:15,424 [INFO] ThirdParty:981 - CMSIS Pack Vendor :STMicroelectronics X-CUBE-ISPU 2.1.0
2024-12-03 16:14:15,424 [INFO] ThirdParty:981 - CMSIS Pack Vendor :STMicroelectronics X-CUBE-FREERTOS 1.2.0
2024-12-03 16:14:15,424 [INFO] ThirdParty:981 - CMSIS Pack Vendor :STMicroelectronics X-CUBE-AZRTOS-WB 2.0.0
2024-12-03 16:14:15,424 [INFO] ThirdParty:981 - CMSIS Pack Vendor :STMicroelectronics X-CUBE-GNSS1 7.0.0
2024-12-03 16:14:15,424 [INFO] ThirdParty:981 - CMSIS Pack Vendor :STMicroelectronics X-CUBE-TOUCHGFX 4.23.2
2024-12-03 16:14:15,424 [INFO] ThirdParty:981 - CMSIS Pack Vendor :STMicroelectronics X-CUBE-AZRTOS-F7 1.1.0
2024-12-03 16:14:15,424 [INFO] ThirdParty:981 - CMSIS Pack Vendor :STMicroelectronics X-CUBE-AZRTOS-L5 2.0.0
2024-12-03 16:14:15,424 [INFO] ThirdParty:981 - CMSIS Pack Vendor :STMicroelectronics USB_DEVICE 2.0.0
2024-12-03 16:14:15,424 [INFO] ThirdParty:981 - CMSIS Pack Vendor :STMicroelectronics X-CUBE-NFC6 3.1.0
2024-12-03 16:14:15,425 [INFO] ThirdParty:981 - CMSIS Pack Vendor :STMicroelectronics X-CUBE-ALGOBUILD 1.3.0
2024-12-03 16:14:15,425 [INFO] ThirdParty:981 - CMSIS Pack Vendor :STMicroelectronics X-CUBE-MEMS1 11.0.0
2024-12-03 16:14:15,425 [INFO] ThirdParty:981 - CMSIS Pack Vendor :STMicroelectronics FreeRTOS 0.0.1
2024-12-03 16:14:15,425 [INFO] ThirdParty:981 - CMSIS Pack Vendor :STMicroelectronics X-CUBE-AZRTOS-G0 1.1.0
2024-12-03 16:14:15,425 [INFO] ThirdParty:981 - CMSIS Pack Vendor :STMicroelectronics X-CUBE-SAFEA1 1.2.2
2024-12-03 16:14:15,425 [INFO] ThirdParty:981 - CMSIS Pack Vendor :STMicroelectronics X-CUBE-NFC4 3.0.0
2024-12-03 16:14:15,425 [INFO] ThirdParty:981 - CMSIS Pack Vendor :STMicroelectronics X-CUBE-SUBG2 5.0.0
2024-12-03 16:14:15,425 [INFO] ThirdParty:981 - CMSIS Pack Vendor :STMicroelectronics STM32_WPAN 1.0.0
2024-12-03 16:14:15,425 [INFO] ThirdParty:981 - CMSIS Pack Vendor :wolfSSL I-CUBE-wolfMQTT 1.18.0
2024-12-03 16:14:15,425 [INFO] ThirdParty:981 - CMSIS Pack Vendor :STMicroelectronics lwIP 2.0.3
2024-12-03 16:14:15,425 [INFO] ThirdParty:981 - CMSIS Pack Vendor :STMicroelectronics FP-SNS-FLIGHT1 5.0.2
2024-12-03 16:14:15,426 [INFO] ThirdParty:981 - CMSIS Pack Vendor :STMicroelectronics USB_HOST 1.0.0
2024-12-03 16:14:15,426 [INFO] ThirdParty:981 - CMSIS Pack Vendor :STMicroelectronics X-CUBE-AI 9.0.0
2024-12-03 16:14:15,426 [INFO] ThirdParty:981 - CMSIS Pack Vendor :STMicroelectronics X-CUBE-AZRTOS-G4 2.0.0
2024-12-03 16:14:15,426 [INFO] ThirdParty:981 - CMSIS Pack Vendor :STMicroelectronics PDM2PCM 3.1.0
2024-12-03 16:14:15,426 [INFO] ThirdParty:981 - CMSIS Pack Vendor :STMicroelectronics PDM2PCM 3.3.0
2024-12-03 16:14:15,426 [INFO] ThirdParty:981 - CMSIS Pack Vendor :STMicroelectronics X-CUBE-DISPLAY 3.0.0
2024-12-03 16:14:15,426 [INFO] ThirdParty:981 - CMSIS Pack Vendor :wolfSSL I-CUBE-wolfSSL 5.7.0
2024-12-03 16:14:15,426 [INFO] ThirdParty:981 - CMSIS Pack Vendor :STMicroelectronics X-CUBE-BLE1 7.0.0
2024-12-03 16:14:15,426 [INFO] ThirdParty:981 - CMSIS Pack Vendor :STMicroelectronics FP-ATR-SIGFOX1 3.2.0
2024-12-03 16:14:15,426 [INFO] ThirdParty:981 - CMSIS Pack Vendor :STMicroelectronics X-CUBE-NFC10 1.0.0
2024-12-03 16:14:15,426 [INFO] ThirdParty:981 - CMSIS Pack Vendor :STMicroelectronics X-CUBE-ISPU 2.0.0
2024-12-03 16:14:15,426 [INFO] ThirdParty:981 - CMSIS Pack Vendor :STMicroelectronics X-CUBE-EEPRMA1 5.1.0
2024-12-03 16:14:15,427 [INFO] ThirdParty:981 - CMSIS Pack Vendor :STMicroelectronics HAL Drivers 0.0.0
2024-12-03 16:14:15,427 [INFO] ThirdParty:981 - CMSIS Pack Vendor :STMicroelectronics MBEDTLS 2.16.2
2024-12-03 16:14:15,427 [INFO] ThirdParty:981 - CMSIS Pack Vendor :STMicroelectronics X-CUBE-ALS 1.0.2
2024-12-03 16:14:15,427 [INFO] ThirdParty:981 - CMSIS Pack Vendor :emotas I-CUBE-CANOPEN 1.3.0
2024-12-03 16:14:15,427 [INFO] ThirdParty:981 - CMSIS Pack Vendor :STMicroelectronics X-CUBE-MEMS1 10.0.0
2024-12-03 16:14:15,427 [INFO] ThirdParty:981 - CMSIS Pack Vendor :STMicroelectronics X-CUBE-NFC7 1.0.1
2024-12-03 16:14:15,428 [INFO] ThirdParty:981 - CMSIS Pack Vendor :STMicroelectronics MBEDTLS 2.14.1
2024-12-03 16:14:15,428 [INFO] ThirdParty:981 - CMSIS Pack Vendor :STMicroelectronics X-CUBE-TOUCHGFX 4.24.0
2024-12-03 16:14:15,428 [INFO] ThirdParty:981 - CMSIS Pack Vendor :ITTIA_DB I-CUBE-ITTIADB 8.9.0
2024-12-03 16:14:15,428 [INFO] ThirdParty:981 - CMSIS Pack Vendor :wolfSSL I-CUBE-wolfTPM 3.2.0
2024-12-03 16:14:15,428 [INFO] ThirdParty:981 - CMSIS Pack Vendor :STMicroelectronics X-CUBE-TOUCHGFX 4.24.1
2024-12-03 16:14:15,428 [INFO] ThirdParty:981 - CMSIS Pack Vendor :portGmbH I-Cube-SoM-uGOAL 1.1.0
2024-12-03 16:14:15,429 [INFO] ThirdParty:981 - CMSIS Pack Vendor :STMicroelectronics X-CUBE-ALS 1.0.1
2024-12-03 16:14:15,429 [INFO] ThirdParty:981 - CMSIS Pack Vendor :STMicroelectronics X-CUBE-BLEMGR 3.1.0
2024-12-03 16:14:15,429 [INFO] ThirdParty:981 - CMSIS Pack Vendor :STMicroelectronics ThreadX 1.0.0
2024-12-03 16:14:15,429 [INFO] ThirdParty:981 - CMSIS Pack Vendor :STMicroelectronics FP-SNS-SMARTAG2 1.2.0
2024-12-03 16:14:15,429 [INFO] ThirdParty:981 - CMSIS Pack Vendor :STMicroelectronics X-CUBE-AZRTOS-WL 2.0.0
2024-12-03 16:14:15,429 [INFO] ThirdParty:981 - CMSIS Pack Vendor :SEGGER I-CUBE-embOS 1.3.1
2024-12-03 16:14:15,429 [INFO] ThirdParty:981 - CMSIS Pack Vendor :STMicroelectronics X-CUBE-ALGOBUILD 1.4.0
2024-12-03 16:14:15,429 [INFO] ThirdParty:981 - CMSIS Pack Vendor :STMicroelectronics FP-SNS-MOTENV1 5.0.0
2024-12-03 16:14:15,429 [INFO] ThirdParty:981 - CMSIS Pack Vendor :STMicroelectronics USB_DEVICE 1.0.0
2024-12-03 16:14:15,429 [INFO] ThirdParty:981 - CMSIS Pack Vendor :STMicroelectronics X-CUBE-AZRTOS-H7RS 1.0.0
2024-12-03 16:14:15,429 [INFO] ThirdParty:981 - CMSIS Pack Vendor :wolfSSL I-CUBE-wolfMQTT 1.19.0
2024-12-03 16:14:15,429 [INFO] ThirdParty:981 - CMSIS Pack Vendor :STMicroelectronics X-CUBE-AZRTOS-L4 2.0.0
2024-12-03 16:14:15,429 [INFO] ThirdParty:981 - CMSIS Pack Vendor :STMicroelectronics ThreadX 0.0.2
2024-12-03 16:14:15,429 [INFO] ThirdParty:981 - CMSIS Pack Vendor :WES I-CUBE-Cesium 1.3.0
2024-12-03 16:14:15,430 [INFO] ThirdParty:981 - CMSIS Pack Vendor :STMicroelectronics FP-ATR-ASTRA1 2.0.0
2024-12-03 16:14:15,430 [INFO] ThirdParty:981 - CMSIS Pack Vendor :STMicroelectronics lwIP 2.1.2
2024-12-03 16:14:15,430 [INFO] ThirdParty:981 - CMSIS Pack Vendor :STMicroelectronics X-CUBE-SFXS2LP1 4.0.0
2024-12-03 16:14:15,430 [INFO] ThirdParty:981 - CMSIS Pack Vendor :STMicroelectronics X-CUBE-BLE2 3.3.0
2024-12-03 16:14:15,430 [INFO] ThirdParty:981 - CMSIS Pack Vendor :STMicroelectronics X-CUBE-AI 9.1.0
2024-12-03 16:14:15,430 [INFO] ThirdParty:981 - CMSIS Pack Vendor :STMicroelectronics X-CUBE-TOF1 3.4.1
2024-12-03 16:14:15,430 [INFO] ThirdParty:981 - CMSIS Pack Vendor :STMicroelectronics X-CUBE-AZRTOS-H7 3.2.0
2024-12-03 16:14:15,430 [INFO] ThirdParty:981 - CMSIS Pack Vendor :Infineon AIROC-Wi-Fi-Bluetooth-STM32 1.6.0
2024-12-03 16:14:15,430 [INFO] ThirdParty:981 - CMSIS Pack Vendor :STMicroelectronics PDM2PCM 3.2.0
2024-12-03 16:14:15,430 [INFO] ThirdParty:981 - CMSIS Pack Vendor :wolfSSL I-CUBE-wolfSSH 1.4.17
2024-12-03 16:14:15,431 [INFO] ThirdParty:797 - exiting critical section [change project]
2024-12-03 16:14:16,149 [INFO] PinOutPanel:1468 - setPackage(No Configuration,No Configuration)
2024-12-03 16:14:16,159 [INFO] PinOutPanel:1468 - setPackage(STM32F103RBTx,LQFP64)
2024-12-03 16:14:20,085 [INFO] UtilMem:74 - Before build in PCC Used Memory: 870427128 Bytes (913309696)
2024-12-03 16:14:29,012 [INFO] UtilMem:74 - After build in PCC Used Memory: 857257904 Bytes (913309696)
2024-12-03 16:14:29,141 [INFO] IPUIPlugin:79 - create IPUIPlugin
2024-12-03 16:14:29,142 [INFO] IPUIPlugin:79 - create IPUIPlugin
2024-12-03 16:14:29,143 [INFO] IPUIPlugin:79 - create IPUIPlugin
2024-12-03 16:14:29,144 [INFO] IPUIPlugin:79 - create IPUIPlugin
2024-12-03 16:14:29,144 [INFO] IPUIPlugin:79 - create IPUIPlugin
2024-12-03 16:14:29,145 [INFO] IPUIPlugin:79 - create IPUIPlugin
2024-12-03 16:14:29,145 [INFO] IPUIPlugin:79 - create IPUIPlugin
2024-12-03 16:14:29,146 [INFO] IPUIPlugin:79 - create IPUIPlugin
2024-12-03 16:14:29,146 [INFO] IPUIPlugin:79 - create IPUIPlugin
2024-12-03 16:14:29,146 [INFO] IPUIPlugin:79 - create IPUIPlugin
2024-12-03 16:14:29,147 [INFO] IPUIPlugin:79 - create IPUIPlugin
2024-12-03 16:14:29,247 [INFO] IPUIPlugin:79 - create IPUIPlugin
2024-12-03 16:14:29,250 [INFO] IPUIPlugin:79 - create IPUIPlugin
2024-12-03 16:14:29,251 [INFO] IPUIPlugin:79 - create IPUIPlugin
2024-12-03 16:14:29,254 [INFO] IPUIPlugin:79 - create IPUIPlugin
2024-12-03 16:14:29,254 [INFO] IPUIPlugin:79 - create IPUIPlugin
2024-12-03 16:14:29,255 [INFO] IPUIPlugin:79 - create IPUIPlugin
2024-12-03 16:14:29,255 [INFO] IPUIPlugin:79 - create IPUIPlugin
2024-12-03 16:14:29,255 [INFO] IPUIPlugin:79 - create IPUIPlugin
2024-12-03 16:14:29,255 [INFO] IPUIPlugin:79 - create IPUIPlugin
2024-12-03 16:14:29,256 [INFO] IPUIPlugin:79 - create IPUIPlugin
2024-12-03 16:14:29,256 [INFO] IPUIPlugin:79 - create IPUIPlugin
2024-12-03 16:14:29,256 [INFO] IPUIPlugin:79 - create IPUIPlugin
2024-12-03 16:14:29,257 [INFO] IPUIPlugin:79 - create IPUIPlugin
2024-12-03 16:14:29,257 [INFO] IPUIPlugin:79 - create IPUIPlugin
2024-12-03 16:14:29,258 [INFO] IPUIPlugin:79 - create IPUIPlugin
2024-12-03 16:14:29,258 [INFO] IPUIPlugin:79 - create IPUIPlugin
2024-12-03 16:14:29,916 [INFO] OpenFileManager:327 - Restore cursor
2024-12-03 16:14:34,373 [INFO] UtilMem:74 - End SaveConfig() Used Memory: 863120928 Bytes (913309696)
2024-12-03 16:14:34,686 [INFO] UtilMem:74 - End SaveConfig() Used Memory: 837911104 Bytes (913309696)
2024-12-03 16:14:35,837 [INFO] BlockDiagram:2753 - set Specific Code input for plugin: NVIC
2024-12-03 16:14:35,838 [INFO] BlockDiagram:2753 - set Specific Code input for plugin: USART
2024-12-03 16:14:35,838 [INFO] BlockDiagram:2753 - set Specific Code input for plugin: SYS
2024-12-03 16:14:35,839 [INFO] BlockDiagram:2753 - set Specific Code input for plugin: GPIO
2024-12-03 16:14:35,839 [INFO] BlockDiagram:2753 - set Specific Code input for plugin: RCC
2024-12-03 16:14:35,841 [INFO] CodeGenerator:690 - code generatio: config db path: D:\BKRA\KEIL C test\STM32CubeIDE_1.10.1\STM32CubeIDE\plugins\com.st.stm32cube.common.mx_6.6.1.202207061420\\db\
2024-12-03 16:14:36,645 [INFO] CodeEngine:245 - oldGeneratedFile, D:\BKU\Year 3\VXL-VDK\git btlll\BTL_VXL_2024\dmhf1tokit\MXTmpFiles\license.tmp_save
2024-12-03 16:14:37,903 [INFO] CodeEngine:269 - Generated code: D:\BKU\Year 3\VXL-VDK\git btlll\BTL_VXL_2024\dmhf1tokit\MXTmpFiles\license.tmp
2024-12-03 16:14:38,167 [INFO] CodeEngine:245 - oldGeneratedFile, D:\BKU\Year 3\VXL-VDK\git btlll\BTL_VXL_2024\dmhf1tokit\MXTmpFiles\gpio.tmp_save
2024-12-03 16:14:38,621 [INFO] CodeEngine:269 - Generated code: D:\BKU\Year 3\VXL-VDK\git btlll\BTL_VXL_2024\dmhf1tokit\MXTmpFiles\gpio.tmp
2024-12-03 16:14:38,850 [INFO] CodeEngine:245 - oldGeneratedFile, D:\BKU\Year 3\VXL-VDK\git btlll\BTL_VXL_2024\dmhf1tokit\Core\Src\stm32f1xx_it.c_save
2024-12-03 16:14:39,436 [INFO] CodeEngine:269 - Generated code: D:\BKU\Year 3\VXL-VDK\git btlll\BTL_VXL_2024\dmhf1tokit\Core\Src\stm32f1xx_it.c
2024-12-03 16:14:39,442 [INFO] CodeEngine:245 - oldGeneratedFile, D:\BKU\Year 3\VXL-VDK\git btlll\BTL_VXL_2024\dmhf1tokit\Core\Inc\stm32f1xx_it.h_save
2024-12-03 16:14:39,616 [INFO] CodeEngine:269 - Generated code: D:\BKU\Year 3\VXL-VDK\git btlll\BTL_VXL_2024\dmhf1tokit\Core\Inc\stm32f1xx_it.h
2024-12-03 16:14:39,641 [INFO] CodeEngine:245 - oldGeneratedFile, D:\BKU\Year 3\VXL-VDK\git btlll\BTL_VXL_2024\dmhf1tokit\Core\Src\stm32f1xx_hal_msp.c_save
2024-12-03 16:14:40,063 [INFO] CodeEngine:269 - Generated code: D:\BKU\Year 3\VXL-VDK\git btlll\BTL_VXL_2024\dmhf1tokit\Core\Src\stm32f1xx_hal_msp.c
2024-12-03 16:14:40,071 [INFO] CodeEngine:245 - oldGeneratedFile, D:\BKU\Year 3\VXL-VDK\git btlll\BTL_VXL_2024\dmhf1tokit\MXTmpFiles\system.tmp_save
2024-12-03 16:14:40,292 [INFO] CodeEngine:269 - Generated code: D:\BKU\Year 3\VXL-VDK\git btlll\BTL_VXL_2024\dmhf1tokit\MXTmpFiles\system.tmp
2024-12-03 16:14:40,377 [INFO] CodeEngine:245 - oldGeneratedFile, D:\BKU\Year 3\VXL-VDK\git btlll\BTL_VXL_2024\dmhf1tokit\Core\Inc\stm32f1xx_hal_conf.h_save
2024-12-03 16:14:40,636 [INFO] CodeEngine:269 - Generated code: D:\BKU\Year 3\VXL-VDK\git btlll\BTL_VXL_2024\dmhf1tokit\Core\Inc\stm32f1xx_hal_conf.h
2024-12-03 16:14:40,716 [INFO] CodeEngine:245 - oldGeneratedFile, D:\BKU\Year 3\VXL-VDK\git btlll\BTL_VXL_2024\dmhf1tokit\Core\Inc\main.h_save
2024-12-03 16:14:40,951 [INFO] CodeEngine:269 - Generated code: D:\BKU\Year 3\VXL-VDK\git btlll\BTL_VXL_2024\dmhf1tokit\Core\Inc\main.h
2024-12-03 16:14:40,957 [INFO] CodeEngine:245 - oldGeneratedFile, D:\BKU\Year 3\VXL-VDK\git btlll\BTL_VXL_2024\dmhf1tokit\Core\Src\main.c_save
2024-12-03 16:14:41,212 [INFO] CodeEngine:269 - Generated code: D:\BKU\Year 3\VXL-VDK\git btlll\BTL_VXL_2024\dmhf1tokit\Core\Src\main.c
2024-12-03 16:14:42,946 [INFO] ProjectBuilder:2919 - Time for Copy HAL[1] : 270mS.
2024-12-03 16:14:42,967 [INFO] ProjectBuilder:4117 - Project Generator version: 3.17.1
2024-12-03 16:14:44,012 [INFO] ConfigFileManager:1394 - The Die is : DIE410
2024-12-03 16:14:44,040 [INFO] ApiDbMcu:505 - Load IP Config File for FATFS
2024-12-03 16:14:44,048 [INFO] ApiDbMcu:505 - Load IP Config File for FREERTOS
2024-12-03 16:14:44,060 [INFO] ApiDbMcu:505 - Load IP Config File for USB_DEVICE
2024-12-03 16:14:51,677 [INFO] ProjectBuilder:4285 - Time for Generating toolchain IDE Files: 8708mS.
2024-12-03 16:14:51,683 [INFO] ProjectBuilder:2790 - Time for Copy CMSIS : 5mS.
2024-12-03 16:14:51,685 [INFO] ProjectBuilder:2790 - Time for Copy CMSIS : 0mS.
2024-12-03 16:14:52,658 [INFO] McuFinderGlobals:57 - Set McuFinderConnectedMode to true
2024-12-03 16:14:52,660 [INFO] ApiDb:443 - Save user favorites file C:\Users\User/.stm32cubeide/favorites.mcus.txt: 0 item(s)
2024-12-03 16:14:52,661 [INFO] ApiDb:447 - User favorites MCUs=[]
2024-12-03 16:14:52,662 [INFO] ApiDb:443 - Save user favorites file C:\Users\User/.stm32cubeide/favorites.boards.txt: 0 item(s)
2024-12-03 16:14:52,662 [INFO] ApiDb:447 - User favorites Boards=[]
2024-12-03 16:17:04,159 [ERROR] LogOutputStream:74 - [STDERR_REDIRECT] 
